INFO:root:Opening file
INFO:root:Line 1 stripped = J 10
INFO:root:Hex cmd1 = 0x5c000000

INFO:root:Hex cmd2 = 0x10

INFO:root:Line 2 stripped = LOOP_CTR = 0x1
INFO:root:Hex cmd1 = 0x0

INFO:root:Hex cmd2 = 0x1

INFO:root:Line 3 stripped = CMD1 = 0x0
INFO:root:Hex cmd1 = 0x0

INFO:root:Hex cmd2 = 0x0

INFO:root:Line 4 stripped = CMD2 = 0x0
INFO:root:Hex cmd1 = 0x0

INFO:root:Hex cmd2 = 0x0

INFO:root:Line 5 stripped = CMD3 = 0x2
INFO:root:Hex cmd1 = 0x0

INFO:root:Hex cmd2 = 0x2

INFO:root:Line 6 stripped = CMD4 = 0X0
INFO:root:Hex cmd1 = 0x0

INFO:root:Hex cmd2 = 0x0

INFO:root:Line 7 stripped = CMD5 = TX_GATE | TX_PULSE | RX_PULSE
INFO:root:Hex cmd1 = 0x0

INFO:root:Hex cmd2 = 0x13

INFO:root:Line 8 stripped = CMD6 = TX_GATE | TX_PULSE
INFO:root:Hex cmd1 = 0x0

INFO:root:Hex cmd2 = 0x11

INFO:root:Line 9 stripped = CMD7 = GRAD_PULSE | RX_PULSE
INFO:root:Hex cmd1 = 0x0

INFO:root:Hex cmd2 = 0x6

INFO:root:Line 10 stripped = CMD8 = GRAD_PULSE
INFO:root:Hex cmd1 = 0x0

INFO:root:Hex cmd2 = 0x4

INFO:root:Line 11 stripped = CMD9 = TX_GATE | TX_PULSE | RX_PULSE | GRAD_PULSE
INFO:root:Hex cmd1 = 0x0

INFO:root:Hex cmd2 = 0x17

INFO:root:Line 12 stripped = CMD10 = TX_GATE | TX_PULSE | GRAD_PULSE
INFO:root:Hex cmd1 = 0x0

INFO:root:Hex cmd2 = 0x15

INFO:root:Line 13 stripped = NOP
INFO:root:Hex cmd1 = 0x0

INFO:root:Hex cmd2 = 0x0

INFO:root:Line 14 stripped = NOP
INFO:root:Hex cmd1 = 0x0

INFO:root:Hex cmd2 = 0x0

INFO:root:Line 15 stripped = NOP
INFO:root:Hex cmd1 = 0x0

INFO:root:Hex cmd2 = 0x0

INFO:root:Line 16 stripped = NOP
INFO:root:Hex cmd1 = 0x0

INFO:root:Hex cmd2 = 0x0

INFO:root:Line 17 stripped = LD64 2 LOOP_CTR
INFO:root:Hex cmd1 = 0x10000002

INFO:root:Hex cmd2 = 0x1

INFO:root:Line 18 stripped = LD64 3 CMD3
INFO:root:Hex cmd1 = 0x10000003

INFO:root:Hex cmd2 = 0x4

INFO:root:Line 19 stripped = LD64 4 CMD4
INFO:root:Hex cmd1 = 0x10000004

INFO:root:Hex cmd2 = 0x5

INFO:root:Line 20 stripped = LD64 5 CMD5
INFO:root:Hex cmd1 = 0x10000005

INFO:root:Hex cmd2 = 0x6

INFO:root:Line 21 stripped = LD64 6 CMD6
INFO:root:Hex cmd1 = 0x10000006

INFO:root:Hex cmd2 = 0x7

INFO:root:Line 22 stripped = LD64 7 CMD7
INFO:root:Hex cmd1 = 0x10000007

INFO:root:Hex cmd2 = 0x8

INFO:root:Line 23 stripped = LD64 8 CMD8
INFO:root:Hex cmd1 = 0x10000008

INFO:root:Hex cmd2 = 0x9

INFO:root:Line 24 stripped = LD64 9 CMD9
INFO:root:Hex cmd1 = 0x10000009

INFO:root:Hex cmd2 = 0xa

INFO:root:Line 25 stripped = LD64 10 CMD10
INFO:root:Hex cmd1 = 0x10000010

INFO:root:Hex cmd2 = 0xb

INFO:root:Line 26 stripped = NOP
INFO:root:Hex cmd1 = 0x0

INFO:root:Hex cmd2 = 0x0

INFO:root:Line 27 stripped = NOP
INFO:root:Hex cmd1 = 0x0

INFO:root:Hex cmd2 = 0x0

INFO:root:Line 28 stripped = NOP
INFO:root:Hex cmd1 = 0x0

INFO:root:Hex cmd2 = 0x0

INFO:root:Line 29 stripped = NOP
INFO:root:Hex cmd1 = 0x0

INFO:root:Hex cmd2 = 0x0

INFO:root:Line 30 stripped = TXOFFSET 0
INFO:root:Hex cmd1 = 0x20000000

INFO:root:Hex cmd2 = 0x0

INFO:root:Line 31 stripped = GRADOFFSET 0
INFO:root:Hex cmd1 = 0x24000000

INFO:root:Hex cmd2 = 0x0

INFO:root:Line 32 stripped = PR 5 120
INFO:root:Hex cmd1 = 0x74000500

INFO:root:Hex cmd2 = 0x42f6

INFO:root:Line 33 stripped = PR 7 400
INFO:root:Hex cmd1 = 0x74000700

INFO:root:Hex cmd2 = 0xdf36

INFO:root:Line 34 stripped = PR 8 200000
INFO:root:Hex cmd1 = 0x74000800

INFO:root:Hex cmd2 = 0x1b3f724

INFO:root:Line 35 stripped = PR 4 0
INFO:root:Hex cmd1 = 0x74000400

INFO:root:Hex cmd2 = 0x0

INFO:root:Line 36 stripped = DEC 2
INFO:root:Hex cmd1 = 0x4000002

INFO:root:Hex cmd2 = 0x0

INFO:root:Line 37 stripped = JNZ 2 0x1D
INFO:root:Hex cmd1 = 0x40000002

INFO:root:Hex cmd2 = 0x1d

INFO:root:Line 38 stripped = HALT
INFO:root:Hex cmd1 = 0x64000000

INFO:root:Hex cmd2 = 0x0

INFO:root:Hex ints = [16, 1543503872, 1, 0, 0, 0, 0, 0, 2, 0, 0, 0, 19, 0, 17, 0, 6, 0, 4, 0, 23, 0, 21, 0, 0, 0, 0, 0, 0, 0, 0, 0, 1, 268435458, 4, 268435459, 5, 268435460, 6, 268435461, 7, 268435462, 8, 268435463, 9, 268435464, 10, 268435465, 11, 268435472, 0, 0, 0, 0, 0, 0, 0, 0, 0, 536870912, 0, 603979776, 17142, 1946158336, 57142, 1946158848, 28571428, 1946159104, 0, 1946158080, 0, 67108866, 29, 1073741826, 0, 1677721600]

INFO:root:Hex bytes = [b'\x10\x00\x00\x00', b'\x00\x00\x00\\', b'\x01\x00\x00\x00', b'\x00\x00\x00\x00', b'\x00\x00\x00\x00', b'\x00\x00\x00\x00', b'\x00\x00\x00\x00', b'\x00\x00\x00\x00', b'\x02\x00\x00\x00', b'\x00\x00\x00\x00', b'\x00\x00\x00\x00', b'\x00\x00\x00\x00', b'\x13\x00\x00\x00', b'\x00\x00\x00\x00', b'\x11\x00\x00\x00', b'\x00\x00\x00\x00', b'\x06\x00\x00\x00', b'\x00\x00\x00\x00', b'\x04\x00\x00\x00', b'\x00\x00\x00\x00', b'\x17\x00\x00\x00', b'\x00\x00\x00\x00', b'\x15\x00\x00\x00', b'\x00\x00\x00\x00', b'\x00\x00\x00\x00', b'\x00\x00\x00\x00', b'\x00\x00\x00\x00', b'\x00\x00\x00\x00', b'\x00\x00\x00\x00', b'\x00\x00\x00\x00', b'\x00\x00\x00\x00', b'\x00\x00\x00\x00', b'\x01\x00\x00\x00', b'\x02\x00\x00\x10', b'\x04\x00\x00\x00', b'\x03\x00\x00\x10', b'\x05\x00\x00\x00', b'\x04\x00\x00\x10', b'\x06\x00\x00\x00', b'\x05\x00\x00\x10', b'\x07\x00\x00\x00', b'\x06\x00\x00\x10', b'\x08\x00\x00\x00', b'\x07\x00\x00\x10', b'\t\x00\x00\x00', b'\x08\x00\x00\x10', b'\n\x00\x00\x00', b'\t\x00\x00\x10', b'\x0b\x00\x00\x00', b'\x10\x00\x00\x10', b'\x00\x00\x00\x00', b'\x00\x00\x00\x00', b'\x00\x00\x00\x00', b'\x00\x00\x00\x00', b'\x00\x00\x00\x00', b'\x00\x00\x00\x00', b'\x00\x00\x00\x00', b'\x00\x00\x00\x00', b'\x00\x00\x00\x00', b'\x00\x00\x00 ', b'\x00\x00\x00\x00', b'\x00\x00\x00$', b'\xf6B\x00\x00', b'\x00\x05\x00t', b'6\xdf\x00\x00', b'\x00\x07\x00t', b'$\xf7\xb3\x01', b'\x00\x08\x00t', b'\x00\x00\x00\x00', b'\x00\x04\x00t', b'\x00\x00\x00\x00', b'\x02\x00\x00\x04', b'\x1d\x00\x00\x00', b'\x02\x00\x00@', b'\x00\x00\x00\x00', b'\x00\x00\x00d']

INFO:root:Length of hex bytes = 76

INFO:root:b = b'\x10\x00\x00\x00\x00\x00\x00\\\x01\x00\x00\x00\x00\x00\x00\x00\x00\x00\x00\x00\x00\x00\x00\x00\x00\x00\x00\x00\x00\x00\x00\x00\x02\x00\x00\x00\x00\x00\x00\x00\x00\x00\x00\x00\x00\x00\x00\x00\x13\x00\x00\x00\x00\x00\x00\x00\x11\x00\x00\x00\x00\x00\x00\x00\x06\x00\x00\x00\x00\x00\x00\x00\x04\x00\x00\x00\x00\x00\x00\x00\x17\x00\x00\x00\x00\x00\x00\x00\x15\x00\x00\x00\x00\x00\x00\x00\x00\x00\x00\x00\x00\x00\x00\x00\x00\x00\x00\x00\x00\x00\x00\x00\x00\x00\x00\x00\x00\x00\x00\x00\x00\x00\x00\x00\x00\x00\x00\x00\x01\x00\x00\x00\x02\x00\x00\x10\x04\x00\x00\x00\x03\x00\x00\x10\x05\x00\x00\x00\x04\x00\x00\x10\x06\x00\x00\x00\x05\x00\x00\x10\x07\x00\x00\x00\x06\x00\x00\x10\x08\x00\x00\x00\x07\x00\x00\x10\t\x00\x00\x00\x08\x00\x00\x10\n\x00\x00\x00\t\x00\x00\x10\x0b\x00\x00\x00\x10\x00\x00\x10\x00\x00\x00\x00\x00\x00\x00\x00\x00\x00\x00\x00\x00\x00\x00\x00\x00\x00\x00\x00\x00\x00\x00\x00\x00\x00\x00\x00\x00\x00\x00\x00\x00\x00\x00\x00\x00\x00\x00 \x00\x00\x00\x00\x00\x00\x00$\xf6B\x00\x00\x00\x05\x00t6\xdf\x00\x00\x00\x07\x00t$\xf7\xb3\x01\x00\x08\x00t\x00\x00\x00\x00\x00\x04\x00t\x00\x00\x00\x00\x02\x00\x00\x04\x1d\x00\x00\x00\x02\x00\x00@\x00\x00\x00\x00\x00\x00\x00d'
INFO:root:Length of byte array = 304
INFO:root:Opening file
INFO:root:Line 1 stripped = J 10
INFO:root:Hex cmd1 = 0x5c000000

INFO:root:Hex cmd2 = 0x10

INFO:root:Line 2 stripped = LOOP_CTR = 0x1
INFO:root:Hex cmd1 = 0x0

INFO:root:Hex cmd2 = 0x1

INFO:root:Line 3 stripped = CMD1 = 0x0
INFO:root:Hex cmd1 = 0x0

INFO:root:Hex cmd2 = 0x0

INFO:root:Line 4 stripped = CMD2 = 0x0
INFO:root:Hex cmd1 = 0x0

INFO:root:Hex cmd2 = 0x0

INFO:root:Line 5 stripped = CMD3 = 0x2
INFO:root:Hex cmd1 = 0x0

INFO:root:Hex cmd2 = 0x2

INFO:root:Line 6 stripped = CMD4 = 0X0
INFO:root:Hex cmd1 = 0x0

INFO:root:Hex cmd2 = 0x0

INFO:root:Line 7 stripped = CMD5 = TX_GATE | TX_PULSE | RX_PULSE
INFO:root:Hex cmd1 = 0x0

INFO:root:Hex cmd2 = 0x13

INFO:root:Line 8 stripped = CMD6 = TX_GATE | TX_PULSE
INFO:root:Hex cmd1 = 0x0

INFO:root:Hex cmd2 = 0x11

INFO:root:Line 9 stripped = CMD7 = GRAD_PULSE | RX_PULSE
INFO:root:Hex cmd1 = 0x0

INFO:root:Hex cmd2 = 0x6

INFO:root:Line 10 stripped = CMD8 = GRAD_PULSE
INFO:root:Hex cmd1 = 0x0

INFO:root:Hex cmd2 = 0x4

INFO:root:Line 11 stripped = CMD9 = TX_GATE | TX_PULSE | RX_PULSE | GRAD_PULSE
INFO:root:Hex cmd1 = 0x0

INFO:root:Hex cmd2 = 0x17

INFO:root:Line 12 stripped = CMD10 = TX_GATE | TX_PULSE | GRAD_PULSE
INFO:root:Hex cmd1 = 0x0

INFO:root:Hex cmd2 = 0x15

INFO:root:Line 13 stripped = NOP
INFO:root:Hex cmd1 = 0x0

INFO:root:Hex cmd2 = 0x0

INFO:root:Line 14 stripped = NOP
INFO:root:Hex cmd1 = 0x0

INFO:root:Hex cmd2 = 0x0

INFO:root:Line 15 stripped = NOP
INFO:root:Hex cmd1 = 0x0

INFO:root:Hex cmd2 = 0x0

INFO:root:Line 16 stripped = NOP
INFO:root:Hex cmd1 = 0x0

INFO:root:Hex cmd2 = 0x0

INFO:root:Line 17 stripped = LD64 2 LOOP_CTR
INFO:root:Hex cmd1 = 0x10000002

INFO:root:Hex cmd2 = 0x1

INFO:root:Line 18 stripped = LD64 3 CMD3
INFO:root:Hex cmd1 = 0x10000003

INFO:root:Hex cmd2 = 0x4

INFO:root:Line 19 stripped = LD64 4 CMD4
INFO:root:Hex cmd1 = 0x10000004

INFO:root:Hex cmd2 = 0x5

INFO:root:Line 20 stripped = LD64 5 CMD5
INFO:root:Hex cmd1 = 0x10000005

INFO:root:Hex cmd2 = 0x6

INFO:root:Line 21 stripped = LD64 6 CMD6
INFO:root:Hex cmd1 = 0x10000006

INFO:root:Hex cmd2 = 0x7

INFO:root:Line 22 stripped = LD64 7 CMD7
INFO:root:Hex cmd1 = 0x10000007

INFO:root:Hex cmd2 = 0x8

INFO:root:Line 23 stripped = LD64 8 CMD8
INFO:root:Hex cmd1 = 0x10000008

INFO:root:Hex cmd2 = 0x9

INFO:root:Line 24 stripped = LD64 9 CMD9
INFO:root:Hex cmd1 = 0x10000009

INFO:root:Hex cmd2 = 0xa

INFO:root:Line 25 stripped = LD64 10 CMD10
INFO:root:Hex cmd1 = 0x10000010

INFO:root:Hex cmd2 = 0xb

INFO:root:Line 26 stripped = NOP
INFO:root:Hex cmd1 = 0x0

INFO:root:Hex cmd2 = 0x0

INFO:root:Line 27 stripped = NOP
INFO:root:Hex cmd1 = 0x0

INFO:root:Hex cmd2 = 0x0

INFO:root:Line 28 stripped = NOP
INFO:root:Hex cmd1 = 0x0

INFO:root:Hex cmd2 = 0x0

INFO:root:Line 29 stripped = NOP
INFO:root:Hex cmd1 = 0x0

INFO:root:Hex cmd2 = 0x0

INFO:root:Line 30 stripped = TXOFFSET 0
INFO:root:Hex cmd1 = 0x20000000

INFO:root:Hex cmd2 = 0x0

INFO:root:Line 31 stripped = GRADOFFSET 0
INFO:root:Hex cmd1 = 0x24000000

INFO:root:Hex cmd2 = 0x0

INFO:root:Line 32 stripped = PR 5 120
INFO:root:Hex cmd1 = 0x74000500

INFO:root:Hex cmd2 = 0x42f6

INFO:root:Line 33 stripped = PR 7 400
INFO:root:Hex cmd1 = 0x74000700

INFO:root:Hex cmd2 = 0xdf36

INFO:root:Line 34 stripped = PR 8 200000
INFO:root:Hex cmd1 = 0x74000800

INFO:root:Hex cmd2 = 0x1b3f724

INFO:root:Line 35 stripped = PR 4 0
INFO:root:Hex cmd1 = 0x74000400

INFO:root:Hex cmd2 = 0x0

INFO:root:Line 36 stripped = DEC 2
INFO:root:Hex cmd1 = 0x4000002

INFO:root:Hex cmd2 = 0x0

INFO:root:Line 37 stripped = JNZ 2 0x1D
INFO:root:Hex cmd1 = 0x40000002

INFO:root:Hex cmd2 = 0x1d

INFO:root:Line 38 stripped = HALT
INFO:root:Hex cmd1 = 0x64000000

INFO:root:Hex cmd2 = 0x0

INFO:root:Hex ints = [16, 1543503872, 1, 0, 0, 0, 0, 0, 2, 0, 0, 0, 19, 0, 17, 0, 6, 0, 4, 0, 23, 0, 21, 0, 0, 0, 0, 0, 0, 0, 0, 0, 1, 268435458, 4, 268435459, 5, 268435460, 6, 268435461, 7, 268435462, 8, 268435463, 9, 268435464, 10, 268435465, 11, 268435472, 0, 0, 0, 0, 0, 0, 0, 0, 0, 536870912, 0, 603979776, 17142, 1946158336, 57142, 1946158848, 28571428, 1946159104, 0, 1946158080, 0, 67108866, 29, 1073741826, 0, 1677721600]

INFO:root:Hex bytes = [b'\x10\x00\x00\x00', b'\x00\x00\x00\\', b'\x01\x00\x00\x00', b'\x00\x00\x00\x00', b'\x00\x00\x00\x00', b'\x00\x00\x00\x00', b'\x00\x00\x00\x00', b'\x00\x00\x00\x00', b'\x02\x00\x00\x00', b'\x00\x00\x00\x00', b'\x00\x00\x00\x00', b'\x00\x00\x00\x00', b'\x13\x00\x00\x00', b'\x00\x00\x00\x00', b'\x11\x00\x00\x00', b'\x00\x00\x00\x00', b'\x06\x00\x00\x00', b'\x00\x00\x00\x00', b'\x04\x00\x00\x00', b'\x00\x00\x00\x00', b'\x17\x00\x00\x00', b'\x00\x00\x00\x00', b'\x15\x00\x00\x00', b'\x00\x00\x00\x00', b'\x00\x00\x00\x00', b'\x00\x00\x00\x00', b'\x00\x00\x00\x00', b'\x00\x00\x00\x00', b'\x00\x00\x00\x00', b'\x00\x00\x00\x00', b'\x00\x00\x00\x00', b'\x00\x00\x00\x00', b'\x01\x00\x00\x00', b'\x02\x00\x00\x10', b'\x04\x00\x00\x00', b'\x03\x00\x00\x10', b'\x05\x00\x00\x00', b'\x04\x00\x00\x10', b'\x06\x00\x00\x00', b'\x05\x00\x00\x10', b'\x07\x00\x00\x00', b'\x06\x00\x00\x10', b'\x08\x00\x00\x00', b'\x07\x00\x00\x10', b'\t\x00\x00\x00', b'\x08\x00\x00\x10', b'\n\x00\x00\x00', b'\t\x00\x00\x10', b'\x0b\x00\x00\x00', b'\x10\x00\x00\x10', b'\x00\x00\x00\x00', b'\x00\x00\x00\x00', b'\x00\x00\x00\x00', b'\x00\x00\x00\x00', b'\x00\x00\x00\x00', b'\x00\x00\x00\x00', b'\x00\x00\x00\x00', b'\x00\x00\x00\x00', b'\x00\x00\x00\x00', b'\x00\x00\x00 ', b'\x00\x00\x00\x00', b'\x00\x00\x00$', b'\xf6B\x00\x00', b'\x00\x05\x00t', b'6\xdf\x00\x00', b'\x00\x07\x00t', b'$\xf7\xb3\x01', b'\x00\x08\x00t', b'\x00\x00\x00\x00', b'\x00\x04\x00t', b'\x00\x00\x00\x00', b'\x02\x00\x00\x04', b'\x1d\x00\x00\x00', b'\x02\x00\x00@', b'\x00\x00\x00\x00', b'\x00\x00\x00d']

INFO:root:Length of hex bytes = 76

INFO:root:b = b'\x10\x00\x00\x00\x00\x00\x00\\\x01\x00\x00\x00\x00\x00\x00\x00\x00\x00\x00\x00\x00\x00\x00\x00\x00\x00\x00\x00\x00\x00\x00\x00\x02\x00\x00\x00\x00\x00\x00\x00\x00\x00\x00\x00\x00\x00\x00\x00\x13\x00\x00\x00\x00\x00\x00\x00\x11\x00\x00\x00\x00\x00\x00\x00\x06\x00\x00\x00\x00\x00\x00\x00\x04\x00\x00\x00\x00\x00\x00\x00\x17\x00\x00\x00\x00\x00\x00\x00\x15\x00\x00\x00\x00\x00\x00\x00\x00\x00\x00\x00\x00\x00\x00\x00\x00\x00\x00\x00\x00\x00\x00\x00\x00\x00\x00\x00\x00\x00\x00\x00\x00\x00\x00\x00\x00\x00\x00\x00\x01\x00\x00\x00\x02\x00\x00\x10\x04\x00\x00\x00\x03\x00\x00\x10\x05\x00\x00\x00\x04\x00\x00\x10\x06\x00\x00\x00\x05\x00\x00\x10\x07\x00\x00\x00\x06\x00\x00\x10\x08\x00\x00\x00\x07\x00\x00\x10\t\x00\x00\x00\x08\x00\x00\x10\n\x00\x00\x00\t\x00\x00\x10\x0b\x00\x00\x00\x10\x00\x00\x10\x00\x00\x00\x00\x00\x00\x00\x00\x00\x00\x00\x00\x00\x00\x00\x00\x00\x00\x00\x00\x00\x00\x00\x00\x00\x00\x00\x00\x00\x00\x00\x00\x00\x00\x00\x00\x00\x00\x00 \x00\x00\x00\x00\x00\x00\x00$\xf6B\x00\x00\x00\x05\x00t6\xdf\x00\x00\x00\x07\x00t$\xf7\xb3\x01\x00\x08\x00t\x00\x00\x00\x00\x00\x04\x00t\x00\x00\x00\x00\x02\x00\x00\x04\x1d\x00\x00\x00\x02\x00\x00@\x00\x00\x00\x00\x00\x00\x00d'
INFO:root:Length of byte array = 304
INFO:root:Opening file
INFO:root:Line 1 stripped = J 10
INFO:root:Hex cmd1 = 0x5c000000

INFO:root:Hex cmd2 = 0x10

INFO:root:Line 2 stripped = LOOP_CTR = 0x1
INFO:root:Hex cmd1 = 0x0

INFO:root:Hex cmd2 = 0x1

INFO:root:Line 3 stripped = CMD1 = 0x0
INFO:root:Hex cmd1 = 0x0

INFO:root:Hex cmd2 = 0x0

INFO:root:Line 4 stripped = CMD2 = 0x0
INFO:root:Hex cmd1 = 0x0

INFO:root:Hex cmd2 = 0x0

INFO:root:Line 5 stripped = CMD3 = 0x2
INFO:root:Hex cmd1 = 0x0

INFO:root:Hex cmd2 = 0x2

INFO:root:Line 6 stripped = CMD4 = 0X0
INFO:root:Hex cmd1 = 0x0

INFO:root:Hex cmd2 = 0x0

INFO:root:Line 7 stripped = CMD5 = TX_GATE | TX_PULSE | RX_PULSE
INFO:root:Hex cmd1 = 0x0

INFO:root:Hex cmd2 = 0x13

INFO:root:Line 8 stripped = CMD6 = TX_GATE | TX_PULSE
INFO:root:Hex cmd1 = 0x0

INFO:root:Hex cmd2 = 0x11

INFO:root:Line 9 stripped = CMD7 = GRAD_PULSE | RX_PULSE
INFO:root:Hex cmd1 = 0x0

INFO:root:Hex cmd2 = 0x6

INFO:root:Line 10 stripped = CMD8 = GRAD_PULSE
INFO:root:Hex cmd1 = 0x0

INFO:root:Hex cmd2 = 0x4

INFO:root:Line 11 stripped = CMD9 = TX_GATE | TX_PULSE | RX_PULSE | GRAD_PULSE
INFO:root:Hex cmd1 = 0x0

INFO:root:Hex cmd2 = 0x17

INFO:root:Line 12 stripped = CMD10 = TX_GATE | TX_PULSE | GRAD_PULSE
INFO:root:Hex cmd1 = 0x0

INFO:root:Hex cmd2 = 0x15

INFO:root:Line 13 stripped = NOP
INFO:root:Hex cmd1 = 0x0

INFO:root:Hex cmd2 = 0x0

INFO:root:Line 14 stripped = NOP
INFO:root:Hex cmd1 = 0x0

INFO:root:Hex cmd2 = 0x0

INFO:root:Line 15 stripped = NOP
INFO:root:Hex cmd1 = 0x0

INFO:root:Hex cmd2 = 0x0

INFO:root:Line 16 stripped = NOP
INFO:root:Hex cmd1 = 0x0

INFO:root:Hex cmd2 = 0x0

INFO:root:Line 17 stripped = LD64 2 LOOP_CTR
INFO:root:Hex cmd1 = 0x10000002

INFO:root:Hex cmd2 = 0x1

INFO:root:Line 18 stripped = LD64 3 CMD3
INFO:root:Hex cmd1 = 0x10000003

INFO:root:Hex cmd2 = 0x4

INFO:root:Line 19 stripped = LD64 4 CMD4
INFO:root:Hex cmd1 = 0x10000004

INFO:root:Hex cmd2 = 0x5

INFO:root:Line 20 stripped = LD64 5 CMD5
INFO:root:Hex cmd1 = 0x10000005

INFO:root:Hex cmd2 = 0x6

INFO:root:Line 21 stripped = LD64 6 CMD6
INFO:root:Hex cmd1 = 0x10000006

INFO:root:Hex cmd2 = 0x7

INFO:root:Line 22 stripped = LD64 7 CMD7
INFO:root:Hex cmd1 = 0x10000007

INFO:root:Hex cmd2 = 0x8

INFO:root:Line 23 stripped = LD64 8 CMD8
INFO:root:Hex cmd1 = 0x10000008

INFO:root:Hex cmd2 = 0x9

INFO:root:Line 24 stripped = LD64 9 CMD9
INFO:root:Hex cmd1 = 0x10000009

INFO:root:Hex cmd2 = 0xa

INFO:root:Line 25 stripped = LD64 10 CMD10
INFO:root:Hex cmd1 = 0x10000010

INFO:root:Hex cmd2 = 0xb

INFO:root:Line 26 stripped = NOP
INFO:root:Hex cmd1 = 0x0

INFO:root:Hex cmd2 = 0x0

INFO:root:Line 27 stripped = NOP
INFO:root:Hex cmd1 = 0x0

INFO:root:Hex cmd2 = 0x0

INFO:root:Line 28 stripped = NOP
INFO:root:Hex cmd1 = 0x0

INFO:root:Hex cmd2 = 0x0

INFO:root:Line 29 stripped = NOP
INFO:root:Hex cmd1 = 0x0

INFO:root:Hex cmd2 = 0x0

INFO:root:Line 30 stripped = TXOFFSET 0
INFO:root:Hex cmd1 = 0x20000000

INFO:root:Hex cmd2 = 0x0

INFO:root:Line 31 stripped = GRADOFFSET 0
INFO:root:Hex cmd1 = 0x24000000

INFO:root:Hex cmd2 = 0x0

INFO:root:Line 32 stripped = PR 5 120
INFO:root:Hex cmd1 = 0x74000500

INFO:root:Hex cmd2 = 0x42f6

INFO:root:Line 33 stripped = PR 3 4855
INFO:root:Hex cmd1 = 0x74000300

INFO:root:Hex cmd2 = 0xa9543

INFO:root:Line 34 stripped = TXOFFSET 1000
INFO:root:Hex cmd1 = 0x20000000

INFO:root:Hex cmd2 = 0x3e8

INFO:root:Line 35 stripped = PR 5 180
INFO:root:Hex cmd1 = 0x74000500

INFO:root:Hex cmd2 = 0x6472

INFO:root:Line 36 stripped = PR 7 1400
INFO:root:Hex cmd1 = 0x74000700

INFO:root:Hex cmd2 = 0x30d40

INFO:root:Line 37 stripped = PR 8 200000
INFO:root:Hex cmd1 = 0x74000800

INFO:root:Hex cmd2 = 0x1b3f724

INFO:root:Line 38 stripped = PR 4 0
INFO:root:Hex cmd1 = 0x74000400

INFO:root:Hex cmd2 = 0x0

INFO:root:Line 39 stripped = DEC 2
INFO:root:Hex cmd1 = 0x4000002

INFO:root:Hex cmd2 = 0x0

INFO:root:Line 40 stripped = JNZ 2 0x1D
INFO:root:Hex cmd1 = 0x40000002

INFO:root:Hex cmd2 = 0x1d

INFO:root:Line 41 stripped = HALT
INFO:root:Hex cmd1 = 0x64000000

INFO:root:Hex cmd2 = 0x0

INFO:root:Hex ints = [16, 1543503872, 1, 0, 0, 0, 0, 0, 2, 0, 0, 0, 19, 0, 17, 0, 6, 0, 4, 0, 23, 0, 21, 0, 0, 0, 0, 0, 0, 0, 0, 0, 1, 268435458, 4, 268435459, 5, 268435460, 6, 268435461, 7, 268435462, 8, 268435463, 9, 268435464, 10, 268435465, 11, 268435472, 0, 0, 0, 0, 0, 0, 0, 0, 0, 536870912, 0, 603979776, 17142, 1946158336, 693571, 1946157824, 1000, 536870912, 25714, 1946158336, 200000, 1946158848, 28571428, 1946159104, 0, 1946158080, 0, 67108866, 29, 1073741826, 0, 1677721600]

INFO:root:Hex bytes = [b'\x10\x00\x00\x00', b'\x00\x00\x00\\', b'\x01\x00\x00\x00', b'\x00\x00\x00\x00', b'\x00\x00\x00\x00', b'\x00\x00\x00\x00', b'\x00\x00\x00\x00', b'\x00\x00\x00\x00', b'\x02\x00\x00\x00', b'\x00\x00\x00\x00', b'\x00\x00\x00\x00', b'\x00\x00\x00\x00', b'\x13\x00\x00\x00', b'\x00\x00\x00\x00', b'\x11\x00\x00\x00', b'\x00\x00\x00\x00', b'\x06\x00\x00\x00', b'\x00\x00\x00\x00', b'\x04\x00\x00\x00', b'\x00\x00\x00\x00', b'\x17\x00\x00\x00', b'\x00\x00\x00\x00', b'\x15\x00\x00\x00', b'\x00\x00\x00\x00', b'\x00\x00\x00\x00', b'\x00\x00\x00\x00', b'\x00\x00\x00\x00', b'\x00\x00\x00\x00', b'\x00\x00\x00\x00', b'\x00\x00\x00\x00', b'\x00\x00\x00\x00', b'\x00\x00\x00\x00', b'\x01\x00\x00\x00', b'\x02\x00\x00\x10', b'\x04\x00\x00\x00', b'\x03\x00\x00\x10', b'\x05\x00\x00\x00', b'\x04\x00\x00\x10', b'\x06\x00\x00\x00', b'\x05\x00\x00\x10', b'\x07\x00\x00\x00', b'\x06\x00\x00\x10', b'\x08\x00\x00\x00', b'\x07\x00\x00\x10', b'\t\x00\x00\x00', b'\x08\x00\x00\x10', b'\n\x00\x00\x00', b'\t\x00\x00\x10', b'\x0b\x00\x00\x00', b'\x10\x00\x00\x10', b'\x00\x00\x00\x00', b'\x00\x00\x00\x00', b'\x00\x00\x00\x00', b'\x00\x00\x00\x00', b'\x00\x00\x00\x00', b'\x00\x00\x00\x00', b'\x00\x00\x00\x00', b'\x00\x00\x00\x00', b'\x00\x00\x00\x00', b'\x00\x00\x00 ', b'\x00\x00\x00\x00', b'\x00\x00\x00$', b'\xf6B\x00\x00', b'\x00\x05\x00t', b'C\x95\n\x00', b'\x00\x03\x00t', b'\xe8\x03\x00\x00', b'\x00\x00\x00 ', b'rd\x00\x00', b'\x00\x05\x00t', b'@\r\x03\x00', b'\x00\x07\x00t', b'$\xf7\xb3\x01', b'\x00\x08\x00t', b'\x00\x00\x00\x00', b'\x00\x04\x00t', b'\x00\x00\x00\x00', b'\x02\x00\x00\x04', b'\x1d\x00\x00\x00', b'\x02\x00\x00@', b'\x00\x00\x00\x00', b'\x00\x00\x00d']

INFO:root:Length of hex bytes = 82

INFO:root:b = b'\x10\x00\x00\x00\x00\x00\x00\\\x01\x00\x00\x00\x00\x00\x00\x00\x00\x00\x00\x00\x00\x00\x00\x00\x00\x00\x00\x00\x00\x00\x00\x00\x02\x00\x00\x00\x00\x00\x00\x00\x00\x00\x00\x00\x00\x00\x00\x00\x13\x00\x00\x00\x00\x00\x00\x00\x11\x00\x00\x00\x00\x00\x00\x00\x06\x00\x00\x00\x00\x00\x00\x00\x04\x00\x00\x00\x00\x00\x00\x00\x17\x00\x00\x00\x00\x00\x00\x00\x15\x00\x00\x00\x00\x00\x00\x00\x00\x00\x00\x00\x00\x00\x00\x00\x00\x00\x00\x00\x00\x00\x00\x00\x00\x00\x00\x00\x00\x00\x00\x00\x00\x00\x00\x00\x00\x00\x00\x00\x01\x00\x00\x00\x02\x00\x00\x10\x04\x00\x00\x00\x03\x00\x00\x10\x05\x00\x00\x00\x04\x00\x00\x10\x06\x00\x00\x00\x05\x00\x00\x10\x07\x00\x00\x00\x06\x00\x00\x10\x08\x00\x00\x00\x07\x00\x00\x10\t\x00\x00\x00\x08\x00\x00\x10\n\x00\x00\x00\t\x00\x00\x10\x0b\x00\x00\x00\x10\x00\x00\x10\x00\x00\x00\x00\x00\x00\x00\x00\x00\x00\x00\x00\x00\x00\x00\x00\x00\x00\x00\x00\x00\x00\x00\x00\x00\x00\x00\x00\x00\x00\x00\x00\x00\x00\x00\x00\x00\x00\x00 \x00\x00\x00\x00\x00\x00\x00$\xf6B\x00\x00\x00\x05\x00tC\x95\n\x00\x00\x03\x00t\xe8\x03\x00\x00\x00\x00\x00 rd\x00\x00\x00\x05\x00t@\r\x03\x00\x00\x07\x00t$\xf7\xb3\x01\x00\x08\x00t\x00\x00\x00\x00\x00\x04\x00t\x00\x00\x00\x00\x02\x00\x00\x04\x1d\x00\x00\x00\x02\x00\x00@\x00\x00\x00\x00\x00\x00\x00d'
INFO:root:Length of byte array = 328
INFO:root:Opening file
INFO:root:Line 1 stripped = J 10
INFO:root:Hex cmd1 = 0x5c000000

INFO:root:Hex cmd2 = 0x10

INFO:root:Line 2 stripped = LOOP_CTR = 0x1
INFO:root:Hex cmd1 = 0x0

INFO:root:Hex cmd2 = 0x1

INFO:root:Line 3 stripped = CMD1 = 0x0
INFO:root:Hex cmd1 = 0x0

INFO:root:Hex cmd2 = 0x0

INFO:root:Line 4 stripped = CMD2 = 0x0
INFO:root:Hex cmd1 = 0x0

INFO:root:Hex cmd2 = 0x0

INFO:root:Line 5 stripped = CMD3 = 0x2
INFO:root:Hex cmd1 = 0x0

INFO:root:Hex cmd2 = 0x2

INFO:root:Line 6 stripped = CMD4 = 0X0
INFO:root:Hex cmd1 = 0x0

INFO:root:Hex cmd2 = 0x0

INFO:root:Line 7 stripped = CMD5 = TX_GATE | TX_PULSE | RX_PULSE
INFO:root:Hex cmd1 = 0x0

INFO:root:Hex cmd2 = 0x13

INFO:root:Line 8 stripped = CMD6 = TX_GATE | TX_PULSE
INFO:root:Hex cmd1 = 0x0

INFO:root:Hex cmd2 = 0x11

INFO:root:Line 9 stripped = CMD7 = GRAD_PULSE | RX_PULSE
INFO:root:Hex cmd1 = 0x0

INFO:root:Hex cmd2 = 0x6

INFO:root:Line 10 stripped = CMD8 = GRAD_PULSE
INFO:root:Hex cmd1 = 0x0

INFO:root:Hex cmd2 = 0x4

INFO:root:Line 11 stripped = CMD9 = TX_GATE | TX_PULSE | RX_PULSE | GRAD_PULSE
INFO:root:Hex cmd1 = 0x0

INFO:root:Hex cmd2 = 0x17

INFO:root:Line 12 stripped = CMD10 = TX_GATE | TX_PULSE | GRAD_PULSE
INFO:root:Hex cmd1 = 0x0

INFO:root:Hex cmd2 = 0x15

INFO:root:Line 13 stripped = NOP
INFO:root:Hex cmd1 = 0x0

INFO:root:Hex cmd2 = 0x0

INFO:root:Line 14 stripped = NOP
INFO:root:Hex cmd1 = 0x0

INFO:root:Hex cmd2 = 0x0

INFO:root:Line 15 stripped = NOP
INFO:root:Hex cmd1 = 0x0

INFO:root:Hex cmd2 = 0x0

INFO:root:Line 16 stripped = NOP
INFO:root:Hex cmd1 = 0x0

INFO:root:Hex cmd2 = 0x0

INFO:root:Line 17 stripped = LD64 2 LOOP_CTR
INFO:root:Hex cmd1 = 0x10000002

INFO:root:Hex cmd2 = 0x1

INFO:root:Line 18 stripped = LD64 3 CMD3
INFO:root:Hex cmd1 = 0x10000003

INFO:root:Hex cmd2 = 0x4

INFO:root:Line 19 stripped = LD64 4 CMD4
INFO:root:Hex cmd1 = 0x10000004

INFO:root:Hex cmd2 = 0x5

INFO:root:Line 20 stripped = LD64 5 CMD5
INFO:root:Hex cmd1 = 0x10000005

INFO:root:Hex cmd2 = 0x6

INFO:root:Line 21 stripped = LD64 6 CMD6
INFO:root:Hex cmd1 = 0x10000006

INFO:root:Hex cmd2 = 0x7

INFO:root:Line 22 stripped = LD64 7 CMD7
INFO:root:Hex cmd1 = 0x10000007

INFO:root:Hex cmd2 = 0x8

INFO:root:Line 23 stripped = LD64 8 CMD8
INFO:root:Hex cmd1 = 0x10000008

INFO:root:Hex cmd2 = 0x9

INFO:root:Line 24 stripped = LD64 9 CMD9
INFO:root:Hex cmd1 = 0x10000009

INFO:root:Hex cmd2 = 0xa

INFO:root:Line 25 stripped = LD64 10 CMD10
INFO:root:Hex cmd1 = 0x10000010

INFO:root:Hex cmd2 = 0xb

INFO:root:Line 26 stripped = NOP
INFO:root:Hex cmd1 = 0x0

INFO:root:Hex cmd2 = 0x0

INFO:root:Line 27 stripped = NOP
INFO:root:Hex cmd1 = 0x0

INFO:root:Hex cmd2 = 0x0

INFO:root:Line 28 stripped = NOP
INFO:root:Hex cmd1 = 0x0

INFO:root:Hex cmd2 = 0x0

INFO:root:Line 29 stripped = NOP
INFO:root:Hex cmd1 = 0x0

INFO:root:Hex cmd2 = 0x0

INFO:root:Line 30 stripped = TXOFFSET 0
INFO:root:Hex cmd1 = 0x20000000

INFO:root:Hex cmd2 = 0x0

INFO:root:Line 31 stripped = GRADOFFSET 0
INFO:root:Hex cmd1 = 0x24000000

INFO:root:Hex cmd2 = 0x0

INFO:root:Line 32 stripped = PR 5 120
INFO:root:Hex cmd1 = 0x74000500

INFO:root:Hex cmd2 = 0x42f6

INFO:root:Line 33 stripped = PR 3 4855
INFO:root:Hex cmd1 = 0x74000300

INFO:root:Hex cmd2 = 0xa9543

INFO:root:Line 34 stripped = TXOFFSET 1000
INFO:root:Hex cmd1 = 0x20000000

INFO:root:Hex cmd2 = 0x3e8

INFO:root:Line 35 stripped = PR 5 180
INFO:root:Hex cmd1 = 0x74000500

INFO:root:Hex cmd2 = 0x6472

INFO:root:Line 36 stripped = PR 3 2220
INFO:root:Hex cmd1 = 0x74000300

INFO:root:Hex cmd2 = 0x4d6d6

INFO:root:Line 37 stripped = PR 7 1200
INFO:root:Hex cmd1 = 0x74000700

INFO:root:Hex cmd2 = 0x29da4

INFO:root:Line 38 stripped = PR 8 200000
INFO:root:Hex cmd1 = 0x74000800

INFO:root:Hex cmd2 = 0x1b3f724

INFO:root:Line 39 stripped = PR 4 0
INFO:root:Hex cmd1 = 0x74000400

INFO:root:Hex cmd2 = 0x0

INFO:root:Line 40 stripped = DEC 2
INFO:root:Hex cmd1 = 0x4000002

INFO:root:Hex cmd2 = 0x0

INFO:root:Line 41 stripped = JNZ 2 0x1D
INFO:root:Hex cmd1 = 0x40000002

INFO:root:Hex cmd2 = 0x1d

INFO:root:Line 42 stripped = HALT
INFO:root:Hex cmd1 = 0x64000000

INFO:root:Hex cmd2 = 0x0

INFO:root:Hex ints = [16, 1543503872, 1, 0, 0, 0, 0, 0, 2, 0, 0, 0, 19, 0, 17, 0, 6, 0, 4, 0, 23, 0, 21, 0, 0, 0, 0, 0, 0, 0, 0, 0, 1, 268435458, 4, 268435459, 5, 268435460, 6, 268435461, 7, 268435462, 8, 268435463, 9, 268435464, 10, 268435465, 11, 268435472, 0, 0, 0, 0, 0, 0, 0, 0, 0, 536870912, 0, 603979776, 17142, 1946158336, 693571, 1946157824, 1000, 536870912, 25714, 1946158336, 317142, 1946157824, 171428, 1946158848, 28571428, 1946159104, 0, 1946158080, 0, 67108866, 29, 1073741826, 0, 1677721600]

INFO:root:Hex bytes = [b'\x10\x00\x00\x00', b'\x00\x00\x00\\', b'\x01\x00\x00\x00', b'\x00\x00\x00\x00', b'\x00\x00\x00\x00', b'\x00\x00\x00\x00', b'\x00\x00\x00\x00', b'\x00\x00\x00\x00', b'\x02\x00\x00\x00', b'\x00\x00\x00\x00', b'\x00\x00\x00\x00', b'\x00\x00\x00\x00', b'\x13\x00\x00\x00', b'\x00\x00\x00\x00', b'\x11\x00\x00\x00', b'\x00\x00\x00\x00', b'\x06\x00\x00\x00', b'\x00\x00\x00\x00', b'\x04\x00\x00\x00', b'\x00\x00\x00\x00', b'\x17\x00\x00\x00', b'\x00\x00\x00\x00', b'\x15\x00\x00\x00', b'\x00\x00\x00\x00', b'\x00\x00\x00\x00', b'\x00\x00\x00\x00', b'\x00\x00\x00\x00', b'\x00\x00\x00\x00', b'\x00\x00\x00\x00', b'\x00\x00\x00\x00', b'\x00\x00\x00\x00', b'\x00\x00\x00\x00', b'\x01\x00\x00\x00', b'\x02\x00\x00\x10', b'\x04\x00\x00\x00', b'\x03\x00\x00\x10', b'\x05\x00\x00\x00', b'\x04\x00\x00\x10', b'\x06\x00\x00\x00', b'\x05\x00\x00\x10', b'\x07\x00\x00\x00', b'\x06\x00\x00\x10', b'\x08\x00\x00\x00', b'\x07\x00\x00\x10', b'\t\x00\x00\x00', b'\x08\x00\x00\x10', b'\n\x00\x00\x00', b'\t\x00\x00\x10', b'\x0b\x00\x00\x00', b'\x10\x00\x00\x10', b'\x00\x00\x00\x00', b'\x00\x00\x00\x00', b'\x00\x00\x00\x00', b'\x00\x00\x00\x00', b'\x00\x00\x00\x00', b'\x00\x00\x00\x00', b'\x00\x00\x00\x00', b'\x00\x00\x00\x00', b'\x00\x00\x00\x00', b'\x00\x00\x00 ', b'\x00\x00\x00\x00', b'\x00\x00\x00$', b'\xf6B\x00\x00', b'\x00\x05\x00t', b'C\x95\n\x00', b'\x00\x03\x00t', b'\xe8\x03\x00\x00', b'\x00\x00\x00 ', b'rd\x00\x00', b'\x00\x05\x00t', b'\xd6\xd6\x04\x00', b'\x00\x03\x00t', b'\xa4\x9d\x02\x00', b'\x00\x07\x00t', b'$\xf7\xb3\x01', b'\x00\x08\x00t', b'\x00\x00\x00\x00', b'\x00\x04\x00t', b'\x00\x00\x00\x00', b'\x02\x00\x00\x04', b'\x1d\x00\x00\x00', b'\x02\x00\x00@', b'\x00\x00\x00\x00', b'\x00\x00\x00d']

INFO:root:Length of hex bytes = 84

INFO:root:b = b'\x10\x00\x00\x00\x00\x00\x00\\\x01\x00\x00\x00\x00\x00\x00\x00\x00\x00\x00\x00\x00\x00\x00\x00\x00\x00\x00\x00\x00\x00\x00\x00\x02\x00\x00\x00\x00\x00\x00\x00\x00\x00\x00\x00\x00\x00\x00\x00\x13\x00\x00\x00\x00\x00\x00\x00\x11\x00\x00\x00\x00\x00\x00\x00\x06\x00\x00\x00\x00\x00\x00\x00\x04\x00\x00\x00\x00\x00\x00\x00\x17\x00\x00\x00\x00\x00\x00\x00\x15\x00\x00\x00\x00\x00\x00\x00\x00\x00\x00\x00\x00\x00\x00\x00\x00\x00\x00\x00\x00\x00\x00\x00\x00\x00\x00\x00\x00\x00\x00\x00\x00\x00\x00\x00\x00\x00\x00\x00\x01\x00\x00\x00\x02\x00\x00\x10\x04\x00\x00\x00\x03\x00\x00\x10\x05\x00\x00\x00\x04\x00\x00\x10\x06\x00\x00\x00\x05\x00\x00\x10\x07\x00\x00\x00\x06\x00\x00\x10\x08\x00\x00\x00\x07\x00\x00\x10\t\x00\x00\x00\x08\x00\x00\x10\n\x00\x00\x00\t\x00\x00\x10\x0b\x00\x00\x00\x10\x00\x00\x10\x00\x00\x00\x00\x00\x00\x00\x00\x00\x00\x00\x00\x00\x00\x00\x00\x00\x00\x00\x00\x00\x00\x00\x00\x00\x00\x00\x00\x00\x00\x00\x00\x00\x00\x00\x00\x00\x00\x00 \x00\x00\x00\x00\x00\x00\x00$\xf6B\x00\x00\x00\x05\x00tC\x95\n\x00\x00\x03\x00t\xe8\x03\x00\x00\x00\x00\x00 rd\x00\x00\x00\x05\x00t\xd6\xd6\x04\x00\x00\x03\x00t\xa4\x9d\x02\x00\x00\x07\x00t$\xf7\xb3\x01\x00\x08\x00t\x00\x00\x00\x00\x00\x04\x00t\x00\x00\x00\x00\x02\x00\x00\x04\x1d\x00\x00\x00\x02\x00\x00@\x00\x00\x00\x00\x00\x00\x00d'
INFO:root:Length of byte array = 336
