INFO:root:Opening file
INFO:root:Line 1 stripped = J 10
INFO:root:Hex cmd1 = 0x5c000000

INFO:root:Hex cmd2 = 0x10

INFO:root:Line 2 stripped = LOOP_CTR = 0x1
INFO:root:Hex cmd1 = 0x0

INFO:root:Hex cmd2 = 0x1

INFO:root:Line 3 stripped = CMD1 = 0x0
INFO:root:Hex cmd1 = 0x0

INFO:root:Hex cmd2 = 0x0

INFO:root:Line 4 stripped = CMD2 = 0x0
INFO:root:Hex cmd1 = 0x0

INFO:root:Hex cmd2 = 0x0

INFO:root:Line 5 stripped = CMD3 = 0x2
INFO:root:Hex cmd1 = 0x0

INFO:root:Hex cmd2 = 0x2

INFO:root:Line 6 stripped = CMD4 = 0X0
INFO:root:Hex cmd1 = 0x0

INFO:root:Hex cmd2 = 0x0

INFO:root:Line 7 stripped = CMD5 = TX_GATE | TX_PULSE | RX_PULSE
INFO:root:Hex cmd1 = 0x0

INFO:root:Hex cmd2 = 0x13

INFO:root:Line 8 stripped = CMD6 = TX_GATE | TX_PULSE
INFO:root:Hex cmd1 = 0x0

INFO:root:Hex cmd2 = 0x11

INFO:root:Line 9 stripped = CMD7 = GRAD_PULSE | RX_PULSE
INFO:root:Hex cmd1 = 0x0

INFO:root:Hex cmd2 = 0x6

INFO:root:Line 10 stripped = CMD8 = GRAD_PULSE
INFO:root:Hex cmd1 = 0x0

INFO:root:Hex cmd2 = 0x4

INFO:root:Line 11 stripped = CMD9 = TX_GATE | TX_PULSE | RX_PULSE | GRAD_PULSE
INFO:root:Hex cmd1 = 0x0

INFO:root:Hex cmd2 = 0x17

INFO:root:Line 12 stripped = CMD10 = TX_GATE | TX_PULSE | GRAD_PULSE
INFO:root:Hex cmd1 = 0x0

INFO:root:Hex cmd2 = 0x15

INFO:root:Line 13 stripped = NOP
INFO:root:Hex cmd1 = 0x0

INFO:root:Hex cmd2 = 0x0

INFO:root:Line 14 stripped = NOP
INFO:root:Hex cmd1 = 0x0

INFO:root:Hex cmd2 = 0x0

INFO:root:Line 15 stripped = NOP
INFO:root:Hex cmd1 = 0x0

INFO:root:Hex cmd2 = 0x0

INFO:root:Line 16 stripped = NOP
INFO:root:Hex cmd1 = 0x0

INFO:root:Hex cmd2 = 0x0

INFO:root:Line 17 stripped = LD64 2 LOOP_CTR
INFO:root:Hex cmd1 = 0x10000002

INFO:root:Hex cmd2 = 0x1

INFO:root:Line 18 stripped = LD64 3 CMD3
INFO:root:Hex cmd1 = 0x10000003

INFO:root:Hex cmd2 = 0x4

INFO:root:Line 19 stripped = LD64 4 CMD4
INFO:root:Hex cmd1 = 0x10000004

INFO:root:Hex cmd2 = 0x5

INFO:root:Line 20 stripped = LD64 5 CMD5
INFO:root:Hex cmd1 = 0x10000005

INFO:root:Hex cmd2 = 0x6

INFO:root:Line 21 stripped = LD64 6 CMD6
INFO:root:Hex cmd1 = 0x10000006

INFO:root:Hex cmd2 = 0x7

INFO:root:Line 22 stripped = LD64 7 CMD7
INFO:root:Hex cmd1 = 0x10000007

INFO:root:Hex cmd2 = 0x8

INFO:root:Line 23 stripped = LD64 8 CMD8
INFO:root:Hex cmd1 = 0x10000008

INFO:root:Hex cmd2 = 0x9

INFO:root:Line 24 stripped = LD64 9 CMD9
INFO:root:Hex cmd1 = 0x10000009

INFO:root:Hex cmd2 = 0xa

INFO:root:Line 25 stripped = LD64 10 CMD10
INFO:root:Hex cmd1 = 0x1000000a

INFO:root:Hex cmd2 = 0xb

INFO:root:Line 26 stripped = NOP
INFO:root:Hex cmd1 = 0x0

INFO:root:Hex cmd2 = 0x0

INFO:root:Line 27 stripped = NOP
INFO:root:Hex cmd1 = 0x0

INFO:root:Hex cmd2 = 0x0

INFO:root:Line 28 stripped = NOP
INFO:root:Hex cmd1 = 0x0

INFO:root:Hex cmd2 = 0x0

INFO:root:Line 29 stripped = NOP
INFO:root:Hex cmd1 = 0x0

INFO:root:Hex cmd2 = 0x0

INFO:root:Line 30 stripped = TXOFFSET 0
INFO:root:Hex cmd1 = 0x20000000

INFO:root:Hex cmd2 = 0x0

INFO:root:Line 31 stripped = PR 3 200
INFO:root:Hex cmd1 = 0x74000300

INFO:root:Hex cmd2 = 0x6f9b

INFO:root:Line 32 stripped = PR 5 120
INFO:root:Hex cmd1 = 0x74000500

INFO:root:Hex cmd2 = 0x42f6

INFO:root:Line 33 stripped = PR 3 410
INFO:root:Hex cmd1 = 0x74000300

INFO:root:Hex cmd2 = 0xe4cb

INFO:root:Line 34 stripped = PR 4 200000
INFO:root:Hex cmd1 = 0x74000400

INFO:root:Hex cmd2 = 0x1b3f724

INFO:root:Line 35 stripped = DEC 2
INFO:root:Hex cmd1 = 0x4000002

INFO:root:Hex cmd2 = 0x0

INFO:root:Line 36 stripped = JNZ 2 0x1D
INFO:root:Hex cmd1 = 0x40000002

INFO:root:Hex cmd2 = 0x1d

INFO:root:Line 37 stripped = HALT
INFO:root:Hex cmd1 = 0x64000000

INFO:root:Hex cmd2 = 0x0

INFO:root:Hex ints = [16, 1543503872, 1, 0, 0, 0, 0, 0, 2, 0, 0, 0, 19, 0, 17, 0, 6, 0, 4, 0, 23, 0, 21, 0, 0, 0, 0, 0, 0, 0, 0, 0, 1, 268435458, 4, 268435459, 5, 268435460, 6, 268435461, 7, 268435462, 8, 268435463, 9, 268435464, 10, 268435465, 11, 268435466, 0, 0, 0, 0, 0, 0, 0, 0, 0, 536870912, 28571, 1946157824, 17142, 1946158336, 58571, 1946157824, 28571428, 1946158080, 0, 67108866, 29, 1073741826, 0, 1677721600]

INFO:root:Hex bytes = [b'\x10\x00\x00\x00', b'\x00\x00\x00\\', b'\x01\x00\x00\x00', b'\x00\x00\x00\x00', b'\x00\x00\x00\x00', b'\x00\x00\x00\x00', b'\x00\x00\x00\x00', b'\x00\x00\x00\x00', b'\x02\x00\x00\x00', b'\x00\x00\x00\x00', b'\x00\x00\x00\x00', b'\x00\x00\x00\x00', b'\x13\x00\x00\x00', b'\x00\x00\x00\x00', b'\x11\x00\x00\x00', b'\x00\x00\x00\x00', b'\x06\x00\x00\x00', b'\x00\x00\x00\x00', b'\x04\x00\x00\x00', b'\x00\x00\x00\x00', b'\x17\x00\x00\x00', b'\x00\x00\x00\x00', b'\x15\x00\x00\x00', b'\x00\x00\x00\x00', b'\x00\x00\x00\x00', b'\x00\x00\x00\x00', b'\x00\x00\x00\x00', b'\x00\x00\x00\x00', b'\x00\x00\x00\x00', b'\x00\x00\x00\x00', b'\x00\x00\x00\x00', b'\x00\x00\x00\x00', b'\x01\x00\x00\x00', b'\x02\x00\x00\x10', b'\x04\x00\x00\x00', b'\x03\x00\x00\x10', b'\x05\x00\x00\x00', b'\x04\x00\x00\x10', b'\x06\x00\x00\x00', b'\x05\x00\x00\x10', b'\x07\x00\x00\x00', b'\x06\x00\x00\x10', b'\x08\x00\x00\x00', b'\x07\x00\x00\x10', b'\t\x00\x00\x00', b'\x08\x00\x00\x10', b'\n\x00\x00\x00', b'\t\x00\x00\x10', b'\x0b\x00\x00\x00', b'\n\x00\x00\x10', b'\x00\x00\x00\x00', b'\x00\x00\x00\x00', b'\x00\x00\x00\x00', b'\x00\x00\x00\x00', b'\x00\x00\x00\x00', b'\x00\x00\x00\x00', b'\x00\x00\x00\x00', b'\x00\x00\x00\x00', b'\x00\x00\x00\x00', b'\x00\x00\x00 ', b'\x9bo\x00\x00', b'\x00\x03\x00t', b'\xf6B\x00\x00', b'\x00\x05\x00t', b'\xcb\xe4\x00\x00', b'\x00\x03\x00t', b'$\xf7\xb3\x01', b'\x00\x04\x00t', b'\x00\x00\x00\x00', b'\x02\x00\x00\x04', b'\x1d\x00\x00\x00', b'\x02\x00\x00@', b'\x00\x00\x00\x00', b'\x00\x00\x00d']

INFO:root:Length of hex bytes = 74

INFO:root:b = b'\x10\x00\x00\x00\x00\x00\x00\\\x01\x00\x00\x00\x00\x00\x00\x00\x00\x00\x00\x00\x00\x00\x00\x00\x00\x00\x00\x00\x00\x00\x00\x00\x02\x00\x00\x00\x00\x00\x00\x00\x00\x00\x00\x00\x00\x00\x00\x00\x13\x00\x00\x00\x00\x00\x00\x00\x11\x00\x00\x00\x00\x00\x00\x00\x06\x00\x00\x00\x00\x00\x00\x00\x04\x00\x00\x00\x00\x00\x00\x00\x17\x00\x00\x00\x00\x00\x00\x00\x15\x00\x00\x00\x00\x00\x00\x00\x00\x00\x00\x00\x00\x00\x00\x00\x00\x00\x00\x00\x00\x00\x00\x00\x00\x00\x00\x00\x00\x00\x00\x00\x00\x00\x00\x00\x00\x00\x00\x00\x01\x00\x00\x00\x02\x00\x00\x10\x04\x00\x00\x00\x03\x00\x00\x10\x05\x00\x00\x00\x04\x00\x00\x10\x06\x00\x00\x00\x05\x00\x00\x10\x07\x00\x00\x00\x06\x00\x00\x10\x08\x00\x00\x00\x07\x00\x00\x10\t\x00\x00\x00\x08\x00\x00\x10\n\x00\x00\x00\t\x00\x00\x10\x0b\x00\x00\x00\n\x00\x00\x10\x00\x00\x00\x00\x00\x00\x00\x00\x00\x00\x00\x00\x00\x00\x00\x00\x00\x00\x00\x00\x00\x00\x00\x00\x00\x00\x00\x00\x00\x00\x00\x00\x00\x00\x00\x00\x00\x00\x00 \x9bo\x00\x00\x00\x03\x00t\xf6B\x00\x00\x00\x05\x00t\xcb\xe4\x00\x00\x00\x03\x00t$\xf7\xb3\x01\x00\x04\x00t\x00\x00\x00\x00\x02\x00\x00\x04\x1d\x00\x00\x00\x02\x00\x00@\x00\x00\x00\x00\x00\x00\x00d'
INFO:root:Length of byte array = 296
INFO:root:Opening file
INFO:root:Line 1 stripped = J 10
INFO:root:Hex cmd1 = 0x5c000000

INFO:root:Hex cmd2 = 0x10

INFO:root:Line 2 stripped = LOOP_CTR = 0x1
INFO:root:Hex cmd1 = 0x0

INFO:root:Hex cmd2 = 0x1

INFO:root:Line 3 stripped = CMD1 = 0x0
INFO:root:Hex cmd1 = 0x0

INFO:root:Hex cmd2 = 0x0

INFO:root:Line 4 stripped = CMD2 = 0x0
INFO:root:Hex cmd1 = 0x0

INFO:root:Hex cmd2 = 0x0

INFO:root:Line 5 stripped = CMD3 = 0x2
INFO:root:Hex cmd1 = 0x0

INFO:root:Hex cmd2 = 0x2

INFO:root:Line 6 stripped = CMD4 = 0X0
INFO:root:Hex cmd1 = 0x0

INFO:root:Hex cmd2 = 0x0

INFO:root:Line 7 stripped = CMD5 = TX_GATE | TX_PULSE | RX_PULSE
INFO:root:Hex cmd1 = 0x0

INFO:root:Hex cmd2 = 0x13

INFO:root:Line 8 stripped = CMD6 = TX_GATE | TX_PULSE
INFO:root:Hex cmd1 = 0x0

INFO:root:Hex cmd2 = 0x11

INFO:root:Line 9 stripped = CMD7 = GRAD_PULSE | RX_PULSE
INFO:root:Hex cmd1 = 0x0

INFO:root:Hex cmd2 = 0x6

INFO:root:Line 10 stripped = CMD8 = GRAD_PULSE
INFO:root:Hex cmd1 = 0x0

INFO:root:Hex cmd2 = 0x4

INFO:root:Line 11 stripped = CMD9 = TX_GATE | TX_PULSE | RX_PULSE | GRAD_PULSE
INFO:root:Hex cmd1 = 0x0

INFO:root:Hex cmd2 = 0x17

INFO:root:Line 12 stripped = CMD10 = TX_GATE | TX_PULSE | GRAD_PULSE
INFO:root:Hex cmd1 = 0x0

INFO:root:Hex cmd2 = 0x15

INFO:root:Line 13 stripped = NOP
INFO:root:Hex cmd1 = 0x0

INFO:root:Hex cmd2 = 0x0

INFO:root:Line 14 stripped = NOP
INFO:root:Hex cmd1 = 0x0

INFO:root:Hex cmd2 = 0x0

INFO:root:Line 15 stripped = NOP
INFO:root:Hex cmd1 = 0x0

INFO:root:Hex cmd2 = 0x0

INFO:root:Line 16 stripped = NOP
INFO:root:Hex cmd1 = 0x0

INFO:root:Hex cmd2 = 0x0

INFO:root:Line 17 stripped = LD64 2 LOOP_CTR
INFO:root:Hex cmd1 = 0x10000002

INFO:root:Hex cmd2 = 0x1

INFO:root:Line 18 stripped = LD64 3 CMD3
INFO:root:Hex cmd1 = 0x10000003

INFO:root:Hex cmd2 = 0x4

INFO:root:Line 19 stripped = LD64 4 CMD4
INFO:root:Hex cmd1 = 0x10000004

INFO:root:Hex cmd2 = 0x5

INFO:root:Line 20 stripped = LD64 5 CMD5
INFO:root:Hex cmd1 = 0x10000005

INFO:root:Hex cmd2 = 0x6

INFO:root:Line 21 stripped = LD64 6 CMD6
INFO:root:Hex cmd1 = 0x10000006

INFO:root:Hex cmd2 = 0x7

INFO:root:Line 22 stripped = LD64 7 CMD7
INFO:root:Hex cmd1 = 0x10000007

INFO:root:Hex cmd2 = 0x8

INFO:root:Line 23 stripped = LD64 8 CMD8
INFO:root:Hex cmd1 = 0x10000008

INFO:root:Hex cmd2 = 0x9

INFO:root:Line 24 stripped = LD64 9 CMD9
INFO:root:Hex cmd1 = 0x10000009

INFO:root:Hex cmd2 = 0xa

INFO:root:Line 25 stripped = LD64 10 CMD10
INFO:root:Hex cmd1 = 0x1000000a

INFO:root:Hex cmd2 = 0xb

INFO:root:Line 26 stripped = NOP
INFO:root:Hex cmd1 = 0x0

INFO:root:Hex cmd2 = 0x0

INFO:root:Line 27 stripped = NOP
INFO:root:Hex cmd1 = 0x0

INFO:root:Hex cmd2 = 0x0

INFO:root:Line 28 stripped = NOP
INFO:root:Hex cmd1 = 0x0

INFO:root:Hex cmd2 = 0x0

INFO:root:Line 29 stripped = NOP
INFO:root:Hex cmd1 = 0x0

INFO:root:Hex cmd2 = 0x0

INFO:root:Line 30 stripped = TXOFFSET 0
INFO:root:Hex cmd1 = 0x20000000

INFO:root:Hex cmd2 = 0x0

INFO:root:Line 31 stripped = PR 11 120
INFO:root:Hex cmd1 = 0x74000b00

INFO:root:Hex cmd2 = 0x42f6

INFO:root:Line 32 stripped = PR 5 120
INFO:root:Hex cmd1 = 0x74000500

INFO:root:Hex cmd2 = 0x42f6

INFO:root:Line 33 stripped = PR 3 4888
INFO:root:Hex cmd1 = 0x74000300

INFO:root:Hex cmd2 = 0xaa7ad

INFO:root:Line 34 stripped = TXOFFSET 2000
INFO:root:Hex cmd1 = 0x20000000

INFO:root:Hex cmd2 = 0x7d0

INFO:root:Line 35 stripped = PR 11 120
INFO:root:Hex cmd1 = 0x74000b00

INFO:root:Hex cmd2 = 0x42f6

INFO:root:Line 36 stripped = PR 6 200
INFO:root:Hex cmd1 = 0x74000600

INFO:root:Hex cmd2 = 0x6f9b

INFO:root:Line 37 stripped = PR 3 4888
INFO:root:Hex cmd1 = 0x74000300

INFO:root:Hex cmd2 = 0xaa7ad

INFO:root:Line 38 stripped = PR 3 400
INFO:root:Hex cmd1 = 0x74000300

INFO:root:Hex cmd2 = 0xdf36

INFO:root:Line 39 stripped = PR 4 200000
INFO:root:Hex cmd1 = 0x74000400

INFO:root:Hex cmd2 = 0x1b3f724

INFO:root:Line 40 stripped = DEC 2
INFO:root:Hex cmd1 = 0x4000002

INFO:root:Hex cmd2 = 0x0

INFO:root:Line 41 stripped = JNZ 2 0x1D
INFO:root:Hex cmd1 = 0x40000002

INFO:root:Hex cmd2 = 0x1d

INFO:root:Line 42 stripped = HALT
INFO:root:Hex cmd1 = 0x64000000

INFO:root:Hex cmd2 = 0x0

INFO:root:Hex ints = [16, 1543503872, 1, 0, 0, 0, 0, 0, 2, 0, 0, 0, 19, 0, 17, 0, 6, 0, 4, 0, 23, 0, 21, 0, 0, 0, 0, 0, 0, 0, 0, 0, 1, 268435458, 4, 268435459, 5, 268435460, 6, 268435461, 7, 268435462, 8, 268435463, 9, 268435464, 10, 268435465, 11, 268435466, 0, 0, 0, 0, 0, 0, 0, 0, 0, 536870912, 17142, 1946159872, 17142, 1946158336, 698285, 1946157824, 2000, 536870912, 17142, 1946159872, 28571, 1946158592, 698285, 1946157824, 57142, 1946157824, 28571428, 1946158080, 0, 67108866, 29, 1073741826, 0, 1677721600]

INFO:root:Hex bytes = [b'\x10\x00\x00\x00', b'\x00\x00\x00\\', b'\x01\x00\x00\x00', b'\x00\x00\x00\x00', b'\x00\x00\x00\x00', b'\x00\x00\x00\x00', b'\x00\x00\x00\x00', b'\x00\x00\x00\x00', b'\x02\x00\x00\x00', b'\x00\x00\x00\x00', b'\x00\x00\x00\x00', b'\x00\x00\x00\x00', b'\x13\x00\x00\x00', b'\x00\x00\x00\x00', b'\x11\x00\x00\x00', b'\x00\x00\x00\x00', b'\x06\x00\x00\x00', b'\x00\x00\x00\x00', b'\x04\x00\x00\x00', b'\x00\x00\x00\x00', b'\x17\x00\x00\x00', b'\x00\x00\x00\x00', b'\x15\x00\x00\x00', b'\x00\x00\x00\x00', b'\x00\x00\x00\x00', b'\x00\x00\x00\x00', b'\x00\x00\x00\x00', b'\x00\x00\x00\x00', b'\x00\x00\x00\x00', b'\x00\x00\x00\x00', b'\x00\x00\x00\x00', b'\x00\x00\x00\x00', b'\x01\x00\x00\x00', b'\x02\x00\x00\x10', b'\x04\x00\x00\x00', b'\x03\x00\x00\x10', b'\x05\x00\x00\x00', b'\x04\x00\x00\x10', b'\x06\x00\x00\x00', b'\x05\x00\x00\x10', b'\x07\x00\x00\x00', b'\x06\x00\x00\x10', b'\x08\x00\x00\x00', b'\x07\x00\x00\x10', b'\t\x00\x00\x00', b'\x08\x00\x00\x10', b'\n\x00\x00\x00', b'\t\x00\x00\x10', b'\x0b\x00\x00\x00', b'\n\x00\x00\x10', b'\x00\x00\x00\x00', b'\x00\x00\x00\x00', b'\x00\x00\x00\x00', b'\x00\x00\x00\x00', b'\x00\x00\x00\x00', b'\x00\x00\x00\x00', b'\x00\x00\x00\x00', b'\x00\x00\x00\x00', b'\x00\x00\x00\x00', b'\x00\x00\x00 ', b'\xf6B\x00\x00', b'\x00\x0b\x00t', b'\xf6B\x00\x00', b'\x00\x05\x00t', b'\xad\xa7\n\x00', b'\x00\x03\x00t', b'\xd0\x07\x00\x00', b'\x00\x00\x00 ', b'\xf6B\x00\x00', b'\x00\x0b\x00t', b'\x9bo\x00\x00', b'\x00\x06\x00t', b'\xad\xa7\n\x00', b'\x00\x03\x00t', b'6\xdf\x00\x00', b'\x00\x03\x00t', b'$\xf7\xb3\x01', b'\x00\x04\x00t', b'\x00\x00\x00\x00', b'\x02\x00\x00\x04', b'\x1d\x00\x00\x00', b'\x02\x00\x00@', b'\x00\x00\x00\x00', b'\x00\x00\x00d']

INFO:root:Length of hex bytes = 84

INFO:root:b = b'\x10\x00\x00\x00\x00\x00\x00\\\x01\x00\x00\x00\x00\x00\x00\x00\x00\x00\x00\x00\x00\x00\x00\x00\x00\x00\x00\x00\x00\x00\x00\x00\x02\x00\x00\x00\x00\x00\x00\x00\x00\x00\x00\x00\x00\x00\x00\x00\x13\x00\x00\x00\x00\x00\x00\x00\x11\x00\x00\x00\x00\x00\x00\x00\x06\x00\x00\x00\x00\x00\x00\x00\x04\x00\x00\x00\x00\x00\x00\x00\x17\x00\x00\x00\x00\x00\x00\x00\x15\x00\x00\x00\x00\x00\x00\x00\x00\x00\x00\x00\x00\x00\x00\x00\x00\x00\x00\x00\x00\x00\x00\x00\x00\x00\x00\x00\x00\x00\x00\x00\x00\x00\x00\x00\x00\x00\x00\x00\x01\x00\x00\x00\x02\x00\x00\x10\x04\x00\x00\x00\x03\x00\x00\x10\x05\x00\x00\x00\x04\x00\x00\x10\x06\x00\x00\x00\x05\x00\x00\x10\x07\x00\x00\x00\x06\x00\x00\x10\x08\x00\x00\x00\x07\x00\x00\x10\t\x00\x00\x00\x08\x00\x00\x10\n\x00\x00\x00\t\x00\x00\x10\x0b\x00\x00\x00\n\x00\x00\x10\x00\x00\x00\x00\x00\x00\x00\x00\x00\x00\x00\x00\x00\x00\x00\x00\x00\x00\x00\x00\x00\x00\x00\x00\x00\x00\x00\x00\x00\x00\x00\x00\x00\x00\x00\x00\x00\x00\x00 \xf6B\x00\x00\x00\x0b\x00t\xf6B\x00\x00\x00\x05\x00t\xad\xa7\n\x00\x00\x03\x00t\xd0\x07\x00\x00\x00\x00\x00 \xf6B\x00\x00\x00\x0b\x00t\x9bo\x00\x00\x00\x06\x00t\xad\xa7\n\x00\x00\x03\x00t6\xdf\x00\x00\x00\x03\x00t$\xf7\xb3\x01\x00\x04\x00t\x00\x00\x00\x00\x02\x00\x00\x04\x1d\x00\x00\x00\x02\x00\x00@\x00\x00\x00\x00\x00\x00\x00d'
INFO:root:Length of byte array = 336
INFO:root:Opening file
INFO:root:Line 1 stripped = J 10
INFO:root:Hex cmd1 = 0x5c000000

INFO:root:Hex cmd2 = 0x10

INFO:root:Line 2 stripped = LOOP_CTR = 0x1
INFO:root:Hex cmd1 = 0x0

INFO:root:Hex cmd2 = 0x1

INFO:root:Line 3 stripped = CMD1 = 0x0
INFO:root:Hex cmd1 = 0x0

INFO:root:Hex cmd2 = 0x0

INFO:root:Line 4 stripped = CMD2 = 0x0
INFO:root:Hex cmd1 = 0x0

INFO:root:Hex cmd2 = 0x0

INFO:root:Line 5 stripped = CMD3 = 0x2
INFO:root:Hex cmd1 = 0x0

INFO:root:Hex cmd2 = 0x2

INFO:root:Line 6 stripped = CMD4 = 0X0
INFO:root:Hex cmd1 = 0x0

INFO:root:Hex cmd2 = 0x0

INFO:root:Line 7 stripped = CMD5 = TX_GATE | TX_PULSE | RX_PULSE
INFO:root:Hex cmd1 = 0x0

INFO:root:Hex cmd2 = 0x13

INFO:root:Line 8 stripped = CMD6 = TX_GATE | TX_PULSE
INFO:root:Hex cmd1 = 0x0

INFO:root:Hex cmd2 = 0x11

INFO:root:Line 9 stripped = CMD7 = GRAD_PULSE | RX_PULSE
INFO:root:Hex cmd1 = 0x0

INFO:root:Hex cmd2 = 0x6

INFO:root:Line 10 stripped = CMD8 = GRAD_PULSE
INFO:root:Hex cmd1 = 0x0

INFO:root:Hex cmd2 = 0x4

INFO:root:Line 11 stripped = CMD9 = TX_GATE | TX_PULSE | RX_PULSE | GRAD_PULSE
INFO:root:Hex cmd1 = 0x0

INFO:root:Hex cmd2 = 0x17

INFO:root:Line 12 stripped = CMD10 = TX_GATE | TX_PULSE | GRAD_PULSE
INFO:root:Hex cmd1 = 0x0

INFO:root:Hex cmd2 = 0x15

INFO:root:Line 13 stripped = NOP
INFO:root:Hex cmd1 = 0x0

INFO:root:Hex cmd2 = 0x0

INFO:root:Line 14 stripped = NOP
INFO:root:Hex cmd1 = 0x0

INFO:root:Hex cmd2 = 0x0

INFO:root:Line 15 stripped = NOP
INFO:root:Hex cmd1 = 0x0

INFO:root:Hex cmd2 = 0x0

INFO:root:Line 16 stripped = NOP
INFO:root:Hex cmd1 = 0x0

INFO:root:Hex cmd2 = 0x0

INFO:root:Line 17 stripped = LD64 2 LOOP_CTR
INFO:root:Hex cmd1 = 0x10000002

INFO:root:Hex cmd2 = 0x1

INFO:root:Line 18 stripped = LD64 3 CMD3
INFO:root:Hex cmd1 = 0x10000003

INFO:root:Hex cmd2 = 0x4

INFO:root:Line 19 stripped = LD64 4 CMD4
INFO:root:Hex cmd1 = 0x10000004

INFO:root:Hex cmd2 = 0x5

INFO:root:Line 20 stripped = LD64 5 CMD5
INFO:root:Hex cmd1 = 0x10000005

INFO:root:Hex cmd2 = 0x6

INFO:root:Line 21 stripped = LD64 6 CMD6
INFO:root:Hex cmd1 = 0x10000006

INFO:root:Hex cmd2 = 0x7

INFO:root:Line 22 stripped = LD64 7 CMD7
INFO:root:Hex cmd1 = 0x10000007

INFO:root:Hex cmd2 = 0x8

INFO:root:Line 23 stripped = LD64 8 CMD8
INFO:root:Hex cmd1 = 0x10000008

INFO:root:Hex cmd2 = 0x9

INFO:root:Line 24 stripped = LD64 9 CMD9
INFO:root:Hex cmd1 = 0x10000009

INFO:root:Hex cmd2 = 0xa

INFO:root:Line 25 stripped = LD64 10 CMD10
INFO:root:Hex cmd1 = 0x1000000a

INFO:root:Hex cmd2 = 0xb

INFO:root:Line 26 stripped = NOP
INFO:root:Hex cmd1 = 0x0

INFO:root:Hex cmd2 = 0x0

INFO:root:Line 27 stripped = NOP
INFO:root:Hex cmd1 = 0x0

INFO:root:Hex cmd2 = 0x0

INFO:root:Line 28 stripped = NOP
INFO:root:Hex cmd1 = 0x0

INFO:root:Hex cmd2 = 0x0

INFO:root:Line 29 stripped = NOP
INFO:root:Hex cmd1 = 0x0

INFO:root:Hex cmd2 = 0x0

INFO:root:Line 30 stripped = TXOFFSET 0
INFO:root:Hex cmd1 = 0x20000000

INFO:root:Hex cmd2 = 0x0

INFO:root:Line 31 stripped = PR 11 120
INFO:root:Hex cmd1 = 0x74000b00

INFO:root:Hex cmd2 = 0x42f6

INFO:root:Line 32 stripped = PR 5 120
INFO:root:Hex cmd1 = 0x74000500

INFO:root:Hex cmd2 = 0x42f6

INFO:root:Line 33 stripped = PR 3 4888
INFO:root:Hex cmd1 = 0x74000300

INFO:root:Hex cmd2 = 0xaa7ad

INFO:root:Line 34 stripped = TXOFFSET 2000
INFO:root:Hex cmd1 = 0x20000000

INFO:root:Hex cmd2 = 0x7d0

INFO:root:Line 35 stripped = PR 11 120
INFO:root:Hex cmd1 = 0x74000b00

INFO:root:Hex cmd2 = 0x42f6

INFO:root:Line 36 stripped = PR 5 200
INFO:root:Hex cmd1 = 0x74000500

INFO:root:Hex cmd2 = 0x6f9b

INFO:root:Line 37 stripped = PR 3 4888
INFO:root:Hex cmd1 = 0x74000300

INFO:root:Hex cmd2 = 0xaa7ad

INFO:root:Line 38 stripped = TXOFFSET 2000
INFO:root:Hex cmd1 = 0x20000000

INFO:root:Hex cmd2 = 0x7d0

INFO:root:Line 39 stripped = PR 11 120
INFO:root:Hex cmd1 = 0x74000b00

INFO:root:Hex cmd2 = 0x42f6

INFO:root:Line 40 stripped = PR 5 200
INFO:root:Hex cmd1 = 0x74000500

INFO:root:Hex cmd2 = 0x6f9b

INFO:root:Line 41 stripped = PR 3 6888
INFO:root:Hex cmd1 = 0x74000300

INFO:root:Hex cmd2 = 0xf03c0

INFO:root:Line 42 stripped = TXOFFSET 2000
INFO:root:Hex cmd1 = 0x20000000

INFO:root:Hex cmd2 = 0x7d0

INFO:root:Line 43 stripped = PR 11 120
INFO:root:Hex cmd1 = 0x74000b00

INFO:root:Hex cmd2 = 0x42f6

INFO:root:Line 44 stripped = PR 5 200
INFO:root:Hex cmd1 = 0x74000500

INFO:root:Hex cmd2 = 0x6f9b

INFO:root:Line 45 stripped = PR 3 8888
INFO:root:Hex cmd1 = 0x74000300

INFO:root:Hex cmd2 = 0x135fd2

INFO:root:Line 46 stripped = PR 3 400
INFO:root:Hex cmd1 = 0x74000300

INFO:root:Hex cmd2 = 0xdf36

INFO:root:Line 47 stripped = PR 4 200000
INFO:root:Hex cmd1 = 0x74000400

INFO:root:Hex cmd2 = 0x1b3f724

INFO:root:Line 48 stripped = DEC 2
INFO:root:Hex cmd1 = 0x4000002

INFO:root:Hex cmd2 = 0x0

INFO:root:Line 49 stripped = JNZ 2 0x1D
INFO:root:Hex cmd1 = 0x40000002

INFO:root:Hex cmd2 = 0x1d

INFO:root:Line 50 stripped = HALT
INFO:root:Hex cmd1 = 0x64000000

INFO:root:Hex cmd2 = 0x0

INFO:root:Hex ints = [16, 1543503872, 1, 0, 0, 0, 0, 0, 2, 0, 0, 0, 19, 0, 17, 0, 6, 0, 4, 0, 23, 0, 21, 0, 0, 0, 0, 0, 0, 0, 0, 0, 1, 268435458, 4, 268435459, 5, 268435460, 6, 268435461, 7, 268435462, 8, 268435463, 9, 268435464, 10, 268435465, 11, 268435466, 0, 0, 0, 0, 0, 0, 0, 0, 0, 536870912, 17142, 1946159872, 17142, 1946158336, 698285, 1946157824, 2000, 536870912, 17142, 1946159872, 28571, 1946158336, 698285, 1946157824, 2000, 536870912, 17142, 1946159872, 28571, 1946158336, 984000, 1946157824, 2000, 536870912, 17142, 1946159872, 28571, 1946158336, 1269714, 1946157824, 57142, 1946157824, 28571428, 1946158080, 0, 67108866, 29, 1073741826, 0, 1677721600]

INFO:root:Hex bytes = [b'\x10\x00\x00\x00', b'\x00\x00\x00\\', b'\x01\x00\x00\x00', b'\x00\x00\x00\x00', b'\x00\x00\x00\x00', b'\x00\x00\x00\x00', b'\x00\x00\x00\x00', b'\x00\x00\x00\x00', b'\x02\x00\x00\x00', b'\x00\x00\x00\x00', b'\x00\x00\x00\x00', b'\x00\x00\x00\x00', b'\x13\x00\x00\x00', b'\x00\x00\x00\x00', b'\x11\x00\x00\x00', b'\x00\x00\x00\x00', b'\x06\x00\x00\x00', b'\x00\x00\x00\x00', b'\x04\x00\x00\x00', b'\x00\x00\x00\x00', b'\x17\x00\x00\x00', b'\x00\x00\x00\x00', b'\x15\x00\x00\x00', b'\x00\x00\x00\x00', b'\x00\x00\x00\x00', b'\x00\x00\x00\x00', b'\x00\x00\x00\x00', b'\x00\x00\x00\x00', b'\x00\x00\x00\x00', b'\x00\x00\x00\x00', b'\x00\x00\x00\x00', b'\x00\x00\x00\x00', b'\x01\x00\x00\x00', b'\x02\x00\x00\x10', b'\x04\x00\x00\x00', b'\x03\x00\x00\x10', b'\x05\x00\x00\x00', b'\x04\x00\x00\x10', b'\x06\x00\x00\x00', b'\x05\x00\x00\x10', b'\x07\x00\x00\x00', b'\x06\x00\x00\x10', b'\x08\x00\x00\x00', b'\x07\x00\x00\x10', b'\t\x00\x00\x00', b'\x08\x00\x00\x10', b'\n\x00\x00\x00', b'\t\x00\x00\x10', b'\x0b\x00\x00\x00', b'\n\x00\x00\x10', b'\x00\x00\x00\x00', b'\x00\x00\x00\x00', b'\x00\x00\x00\x00', b'\x00\x00\x00\x00', b'\x00\x00\x00\x00', b'\x00\x00\x00\x00', b'\x00\x00\x00\x00', b'\x00\x00\x00\x00', b'\x00\x00\x00\x00', b'\x00\x00\x00 ', b'\xf6B\x00\x00', b'\x00\x0b\x00t', b'\xf6B\x00\x00', b'\x00\x05\x00t', b'\xad\xa7\n\x00', b'\x00\x03\x00t', b'\xd0\x07\x00\x00', b'\x00\x00\x00 ', b'\xf6B\x00\x00', b'\x00\x0b\x00t', b'\x9bo\x00\x00', b'\x00\x05\x00t', b'\xad\xa7\n\x00', b'\x00\x03\x00t', b'\xd0\x07\x00\x00', b'\x00\x00\x00 ', b'\xf6B\x00\x00', b'\x00\x0b\x00t', b'\x9bo\x00\x00', b'\x00\x05\x00t', b'\xc0\x03\x0f\x00', b'\x00\x03\x00t', b'\xd0\x07\x00\x00', b'\x00\x00\x00 ', b'\xf6B\x00\x00', b'\x00\x0b\x00t', b'\x9bo\x00\x00', b'\x00\x05\x00t', b'\xd2_\x13\x00', b'\x00\x03\x00t', b'6\xdf\x00\x00', b'\x00\x03\x00t', b'$\xf7\xb3\x01', b'\x00\x04\x00t', b'\x00\x00\x00\x00', b'\x02\x00\x00\x04', b'\x1d\x00\x00\x00', b'\x02\x00\x00@', b'\x00\x00\x00\x00', b'\x00\x00\x00d']

INFO:root:Length of hex bytes = 100

INFO:root:b = b'\x10\x00\x00\x00\x00\x00\x00\\\x01\x00\x00\x00\x00\x00\x00\x00\x00\x00\x00\x00\x00\x00\x00\x00\x00\x00\x00\x00\x00\x00\x00\x00\x02\x00\x00\x00\x00\x00\x00\x00\x00\x00\x00\x00\x00\x00\x00\x00\x13\x00\x00\x00\x00\x00\x00\x00\x11\x00\x00\x00\x00\x00\x00\x00\x06\x00\x00\x00\x00\x00\x00\x00\x04\x00\x00\x00\x00\x00\x00\x00\x17\x00\x00\x00\x00\x00\x00\x00\x15\x00\x00\x00\x00\x00\x00\x00\x00\x00\x00\x00\x00\x00\x00\x00\x00\x00\x00\x00\x00\x00\x00\x00\x00\x00\x00\x00\x00\x00\x00\x00\x00\x00\x00\x00\x00\x00\x00\x00\x01\x00\x00\x00\x02\x00\x00\x10\x04\x00\x00\x00\x03\x00\x00\x10\x05\x00\x00\x00\x04\x00\x00\x10\x06\x00\x00\x00\x05\x00\x00\x10\x07\x00\x00\x00\x06\x00\x00\x10\x08\x00\x00\x00\x07\x00\x00\x10\t\x00\x00\x00\x08\x00\x00\x10\n\x00\x00\x00\t\x00\x00\x10\x0b\x00\x00\x00\n\x00\x00\x10\x00\x00\x00\x00\x00\x00\x00\x00\x00\x00\x00\x00\x00\x00\x00\x00\x00\x00\x00\x00\x00\x00\x00\x00\x00\x00\x00\x00\x00\x00\x00\x00\x00\x00\x00\x00\x00\x00\x00 \xf6B\x00\x00\x00\x0b\x00t\xf6B\x00\x00\x00\x05\x00t\xad\xa7\n\x00\x00\x03\x00t\xd0\x07\x00\x00\x00\x00\x00 \xf6B\x00\x00\x00\x0b\x00t\x9bo\x00\x00\x00\x05\x00t\xad\xa7\n\x00\x00\x03\x00t\xd0\x07\x00\x00\x00\x00\x00 \xf6B\x00\x00\x00\x0b\x00t\x9bo\x00\x00\x00\x05\x00t\xc0\x03\x0f\x00\x00\x03\x00t\xd0\x07\x00\x00\x00\x00\x00 \xf6B\x00\x00\x00\x0b\x00t\x9bo\x00\x00\x00\x05\x00t\xd2_\x13\x00\x00\x03\x00t6\xdf\x00\x00\x00\x03\x00t$\xf7\xb3\x01\x00\x04\x00t\x00\x00\x00\x00\x02\x00\x00\x04\x1d\x00\x00\x00\x02\x00\x00@\x00\x00\x00\x00\x00\x00\x00d'
INFO:root:Length of byte array = 400
INFO:root:Opening file
INFO:root:Line 1 stripped = J 10
INFO:root:Hex cmd1 = 0x5c000000

INFO:root:Hex cmd2 = 0x10

INFO:root:Line 2 stripped = LOOP_CTR = 0x1
INFO:root:Hex cmd1 = 0x0

INFO:root:Hex cmd2 = 0x1

INFO:root:Line 3 stripped = CMD1 = 0x0
INFO:root:Hex cmd1 = 0x0

INFO:root:Hex cmd2 = 0x0

INFO:root:Line 4 stripped = CMD2 = 0x0
INFO:root:Hex cmd1 = 0x0

INFO:root:Hex cmd2 = 0x0

INFO:root:Line 5 stripped = CMD3 = 0x2
INFO:root:Hex cmd1 = 0x0

INFO:root:Hex cmd2 = 0x2

INFO:root:Line 6 stripped = CMD4 = 0X0
INFO:root:Hex cmd1 = 0x0

INFO:root:Hex cmd2 = 0x0

INFO:root:Line 7 stripped = CMD5 = TX_GATE | TX_PULSE | RX_PULSE
INFO:root:Hex cmd1 = 0x0

INFO:root:Hex cmd2 = 0x13

INFO:root:Line 8 stripped = CMD6 = TX_GATE | TX_PULSE
INFO:root:Hex cmd1 = 0x0

INFO:root:Hex cmd2 = 0x11

INFO:root:Line 9 stripped = CMD7 = GRAD_PULSE | RX_PULSE
INFO:root:Hex cmd1 = 0x0

INFO:root:Hex cmd2 = 0x6

INFO:root:Line 10 stripped = CMD8 = GRAD_PULSE
INFO:root:Hex cmd1 = 0x0

INFO:root:Hex cmd2 = 0x4

INFO:root:Line 11 stripped = CMD9 = TX_GATE | TX_PULSE | RX_PULSE | GRAD_PULSE
INFO:root:Hex cmd1 = 0x0

INFO:root:Hex cmd2 = 0x17

INFO:root:Line 12 stripped = CMD10 = TX_GATE | TX_PULSE | GRAD_PULSE
INFO:root:Hex cmd1 = 0x0

INFO:root:Hex cmd2 = 0x15

INFO:root:Line 13 stripped = NOP
INFO:root:Hex cmd1 = 0x0

INFO:root:Hex cmd2 = 0x0

INFO:root:Line 14 stripped = NOP
INFO:root:Hex cmd1 = 0x0

INFO:root:Hex cmd2 = 0x0

INFO:root:Line 15 stripped = NOP
INFO:root:Hex cmd1 = 0x0

INFO:root:Hex cmd2 = 0x0

INFO:root:Line 16 stripped = NOP
INFO:root:Hex cmd1 = 0x0

INFO:root:Hex cmd2 = 0x0

INFO:root:Line 17 stripped = LD64 2 LOOP_CTR
INFO:root:Hex cmd1 = 0x10000002

INFO:root:Hex cmd2 = 0x1

INFO:root:Line 18 stripped = LD64 3 CMD3
INFO:root:Hex cmd1 = 0x10000003

INFO:root:Hex cmd2 = 0x4

INFO:root:Line 19 stripped = LD64 4 CMD4
INFO:root:Hex cmd1 = 0x10000004

INFO:root:Hex cmd2 = 0x5

INFO:root:Line 20 stripped = LD64 5 CMD5
INFO:root:Hex cmd1 = 0x10000005

INFO:root:Hex cmd2 = 0x6

INFO:root:Line 21 stripped = LD64 6 CMD6
INFO:root:Hex cmd1 = 0x10000006

INFO:root:Hex cmd2 = 0x7

INFO:root:Line 22 stripped = LD64 7 CMD7
INFO:root:Hex cmd1 = 0x10000007

INFO:root:Hex cmd2 = 0x8

INFO:root:Line 23 stripped = LD64 8 CMD8
INFO:root:Hex cmd1 = 0x10000008

INFO:root:Hex cmd2 = 0x9

INFO:root:Line 24 stripped = LD64 9 CMD9
INFO:root:Hex cmd1 = 0x10000009

INFO:root:Hex cmd2 = 0xa

INFO:root:Line 25 stripped = LD64 10 CMD10
INFO:root:Hex cmd1 = 0x1000000a

INFO:root:Hex cmd2 = 0xb

INFO:root:Line 26 stripped = NOP
INFO:root:Hex cmd1 = 0x0

INFO:root:Hex cmd2 = 0x0

INFO:root:Line 27 stripped = NOP
INFO:root:Hex cmd1 = 0x0

INFO:root:Hex cmd2 = 0x0

INFO:root:Line 28 stripped = NOP
INFO:root:Hex cmd1 = 0x0

INFO:root:Hex cmd2 = 0x0

INFO:root:Line 29 stripped = NOP
INFO:root:Hex cmd1 = 0x0

INFO:root:Hex cmd2 = 0x0

INFO:root:Line 30 stripped = TXOFFSET 0
INFO:root:Hex cmd1 = 0x20000000

INFO:root:Hex cmd2 = 0x0

INFO:root:Line 31 stripped = PR 3 200
INFO:root:Hex cmd1 = 0x74000300

INFO:root:Hex cmd2 = 0x6f9b

INFO:root:Line 32 stripped = PR 5 120
INFO:root:Hex cmd1 = 0x74000500

INFO:root:Hex cmd2 = 0x42f6

INFO:root:Line 33 stripped = PR 3 410
INFO:root:Hex cmd1 = 0x74000300

INFO:root:Hex cmd2 = 0xe4cb

INFO:root:Line 34 stripped = PR 4 200000
INFO:root:Hex cmd1 = 0x74000400

INFO:root:Hex cmd2 = 0x1b3f724

INFO:root:Line 35 stripped = DEC 2
INFO:root:Hex cmd1 = 0x4000002

INFO:root:Hex cmd2 = 0x0

INFO:root:Line 36 stripped = JNZ 2 0x1D
INFO:root:Hex cmd1 = 0x40000002

INFO:root:Hex cmd2 = 0x1d

INFO:root:Line 37 stripped = HALT
INFO:root:Hex cmd1 = 0x64000000

INFO:root:Hex cmd2 = 0x0

INFO:root:Hex ints = [16, 1543503872, 1, 0, 0, 0, 0, 0, 2, 0, 0, 0, 19, 0, 17, 0, 6, 0, 4, 0, 23, 0, 21, 0, 0, 0, 0, 0, 0, 0, 0, 0, 1, 268435458, 4, 268435459, 5, 268435460, 6, 268435461, 7, 268435462, 8, 268435463, 9, 268435464, 10, 268435465, 11, 268435466, 0, 0, 0, 0, 0, 0, 0, 0, 0, 536870912, 28571, 1946157824, 17142, 1946158336, 58571, 1946157824, 28571428, 1946158080, 0, 67108866, 29, 1073741826, 0, 1677721600]

INFO:root:Hex bytes = [b'\x10\x00\x00\x00', b'\x00\x00\x00\\', b'\x01\x00\x00\x00', b'\x00\x00\x00\x00', b'\x00\x00\x00\x00', b'\x00\x00\x00\x00', b'\x00\x00\x00\x00', b'\x00\x00\x00\x00', b'\x02\x00\x00\x00', b'\x00\x00\x00\x00', b'\x00\x00\x00\x00', b'\x00\x00\x00\x00', b'\x13\x00\x00\x00', b'\x00\x00\x00\x00', b'\x11\x00\x00\x00', b'\x00\x00\x00\x00', b'\x06\x00\x00\x00', b'\x00\x00\x00\x00', b'\x04\x00\x00\x00', b'\x00\x00\x00\x00', b'\x17\x00\x00\x00', b'\x00\x00\x00\x00', b'\x15\x00\x00\x00', b'\x00\x00\x00\x00', b'\x00\x00\x00\x00', b'\x00\x00\x00\x00', b'\x00\x00\x00\x00', b'\x00\x00\x00\x00', b'\x00\x00\x00\x00', b'\x00\x00\x00\x00', b'\x00\x00\x00\x00', b'\x00\x00\x00\x00', b'\x01\x00\x00\x00', b'\x02\x00\x00\x10', b'\x04\x00\x00\x00', b'\x03\x00\x00\x10', b'\x05\x00\x00\x00', b'\x04\x00\x00\x10', b'\x06\x00\x00\x00', b'\x05\x00\x00\x10', b'\x07\x00\x00\x00', b'\x06\x00\x00\x10', b'\x08\x00\x00\x00', b'\x07\x00\x00\x10', b'\t\x00\x00\x00', b'\x08\x00\x00\x10', b'\n\x00\x00\x00', b'\t\x00\x00\x10', b'\x0b\x00\x00\x00', b'\n\x00\x00\x10', b'\x00\x00\x00\x00', b'\x00\x00\x00\x00', b'\x00\x00\x00\x00', b'\x00\x00\x00\x00', b'\x00\x00\x00\x00', b'\x00\x00\x00\x00', b'\x00\x00\x00\x00', b'\x00\x00\x00\x00', b'\x00\x00\x00\x00', b'\x00\x00\x00 ', b'\x9bo\x00\x00', b'\x00\x03\x00t', b'\xf6B\x00\x00', b'\x00\x05\x00t', b'\xcb\xe4\x00\x00', b'\x00\x03\x00t', b'$\xf7\xb3\x01', b'\x00\x04\x00t', b'\x00\x00\x00\x00', b'\x02\x00\x00\x04', b'\x1d\x00\x00\x00', b'\x02\x00\x00@', b'\x00\x00\x00\x00', b'\x00\x00\x00d']

INFO:root:Length of hex bytes = 74

INFO:root:b = b'\x10\x00\x00\x00\x00\x00\x00\\\x01\x00\x00\x00\x00\x00\x00\x00\x00\x00\x00\x00\x00\x00\x00\x00\x00\x00\x00\x00\x00\x00\x00\x00\x02\x00\x00\x00\x00\x00\x00\x00\x00\x00\x00\x00\x00\x00\x00\x00\x13\x00\x00\x00\x00\x00\x00\x00\x11\x00\x00\x00\x00\x00\x00\x00\x06\x00\x00\x00\x00\x00\x00\x00\x04\x00\x00\x00\x00\x00\x00\x00\x17\x00\x00\x00\x00\x00\x00\x00\x15\x00\x00\x00\x00\x00\x00\x00\x00\x00\x00\x00\x00\x00\x00\x00\x00\x00\x00\x00\x00\x00\x00\x00\x00\x00\x00\x00\x00\x00\x00\x00\x00\x00\x00\x00\x00\x00\x00\x00\x01\x00\x00\x00\x02\x00\x00\x10\x04\x00\x00\x00\x03\x00\x00\x10\x05\x00\x00\x00\x04\x00\x00\x10\x06\x00\x00\x00\x05\x00\x00\x10\x07\x00\x00\x00\x06\x00\x00\x10\x08\x00\x00\x00\x07\x00\x00\x10\t\x00\x00\x00\x08\x00\x00\x10\n\x00\x00\x00\t\x00\x00\x10\x0b\x00\x00\x00\n\x00\x00\x10\x00\x00\x00\x00\x00\x00\x00\x00\x00\x00\x00\x00\x00\x00\x00\x00\x00\x00\x00\x00\x00\x00\x00\x00\x00\x00\x00\x00\x00\x00\x00\x00\x00\x00\x00\x00\x00\x00\x00 \x9bo\x00\x00\x00\x03\x00t\xf6B\x00\x00\x00\x05\x00t\xcb\xe4\x00\x00\x00\x03\x00t$\xf7\xb3\x01\x00\x04\x00t\x00\x00\x00\x00\x02\x00\x00\x04\x1d\x00\x00\x00\x02\x00\x00@\x00\x00\x00\x00\x00\x00\x00d'
INFO:root:Length of byte array = 296
INFO:root:Opening file
INFO:root:Line 1 stripped = J 10
INFO:root:Hex cmd1 = 0x5c000000

INFO:root:Hex cmd2 = 0x10

INFO:root:Line 2 stripped = LOOP_CTR = 0x1
INFO:root:Hex cmd1 = 0x0

INFO:root:Hex cmd2 = 0x1

INFO:root:Line 3 stripped = CMD1 = 0x0
INFO:root:Hex cmd1 = 0x0

INFO:root:Hex cmd2 = 0x0

INFO:root:Line 4 stripped = CMD2 = 0x0
INFO:root:Hex cmd1 = 0x0

INFO:root:Hex cmd2 = 0x0

INFO:root:Line 5 stripped = CMD3 = 0x2
INFO:root:Hex cmd1 = 0x0

INFO:root:Hex cmd2 = 0x2

INFO:root:Line 6 stripped = CMD4 = 0X0
INFO:root:Hex cmd1 = 0x0

INFO:root:Hex cmd2 = 0x0

INFO:root:Line 7 stripped = CMD5 = TX_GATE | TX_PULSE | RX_PULSE
INFO:root:Hex cmd1 = 0x0

INFO:root:Hex cmd2 = 0x13

INFO:root:Line 8 stripped = CMD6 = TX_GATE | TX_PULSE
INFO:root:Hex cmd1 = 0x0

INFO:root:Hex cmd2 = 0x11

INFO:root:Line 9 stripped = CMD7 = GRAD_PULSE | RX_PULSE
INFO:root:Hex cmd1 = 0x0

INFO:root:Hex cmd2 = 0x6

INFO:root:Line 10 stripped = CMD8 = GRAD_PULSE
INFO:root:Hex cmd1 = 0x0

INFO:root:Hex cmd2 = 0x4

INFO:root:Line 11 stripped = CMD9 = TX_GATE | TX_PULSE | RX_PULSE | GRAD_PULSE
INFO:root:Hex cmd1 = 0x0

INFO:root:Hex cmd2 = 0x17

INFO:root:Line 12 stripped = CMD10 = TX_GATE | TX_PULSE | GRAD_PULSE
INFO:root:Hex cmd1 = 0x0

INFO:root:Hex cmd2 = 0x15

INFO:root:Line 13 stripped = NOP
INFO:root:Hex cmd1 = 0x0

INFO:root:Hex cmd2 = 0x0

INFO:root:Line 14 stripped = NOP
INFO:root:Hex cmd1 = 0x0

INFO:root:Hex cmd2 = 0x0

INFO:root:Line 15 stripped = NOP
INFO:root:Hex cmd1 = 0x0

INFO:root:Hex cmd2 = 0x0

INFO:root:Line 16 stripped = NOP
INFO:root:Hex cmd1 = 0x0

INFO:root:Hex cmd2 = 0x0

INFO:root:Line 17 stripped = LD64 2 LOOP_CTR
INFO:root:Hex cmd1 = 0x10000002

INFO:root:Hex cmd2 = 0x1

INFO:root:Line 18 stripped = LD64 3 CMD3
INFO:root:Hex cmd1 = 0x10000003

INFO:root:Hex cmd2 = 0x4

INFO:root:Line 19 stripped = LD64 4 CMD4
INFO:root:Hex cmd1 = 0x10000004

INFO:root:Hex cmd2 = 0x5

INFO:root:Line 20 stripped = LD64 5 CMD5
INFO:root:Hex cmd1 = 0x10000005

INFO:root:Hex cmd2 = 0x6

INFO:root:Line 21 stripped = LD64 6 CMD6
INFO:root:Hex cmd1 = 0x10000006

INFO:root:Hex cmd2 = 0x7

INFO:root:Line 22 stripped = LD64 7 CMD7
INFO:root:Hex cmd1 = 0x10000007

INFO:root:Hex cmd2 = 0x8

INFO:root:Line 23 stripped = LD64 8 CMD8
INFO:root:Hex cmd1 = 0x10000008

INFO:root:Hex cmd2 = 0x9

INFO:root:Line 24 stripped = LD64 9 CMD9
INFO:root:Hex cmd1 = 0x10000009

INFO:root:Hex cmd2 = 0xa

INFO:root:Line 25 stripped = LD64 10 CMD10
INFO:root:Hex cmd1 = 0x1000000a

INFO:root:Hex cmd2 = 0xb

INFO:root:Line 26 stripped = NOP
INFO:root:Hex cmd1 = 0x0

INFO:root:Hex cmd2 = 0x0

INFO:root:Line 27 stripped = NOP
INFO:root:Hex cmd1 = 0x0

INFO:root:Hex cmd2 = 0x0

INFO:root:Line 28 stripped = NOP
INFO:root:Hex cmd1 = 0x0

INFO:root:Hex cmd2 = 0x0

INFO:root:Line 29 stripped = NOP
INFO:root:Hex cmd1 = 0x0

INFO:root:Hex cmd2 = 0x0

INFO:root:Line 30 stripped = TXOFFSET 1000
INFO:root:Hex cmd1 = 0x20000000

INFO:root:Hex cmd2 = 0x3e8

INFO:root:Line 31 stripped = PR 3 200
INFO:root:Hex cmd1 = 0x74000300

INFO:root:Hex cmd2 = 0x6f9b

INFO:root:Line 32 stripped = PR 5 180
INFO:root:Hex cmd1 = 0x74000500

INFO:root:Hex cmd2 = 0x6472

INFO:root:Line 33 stripped = PR 3 14802
INFO:root:Hex cmd1 = 0x74000300

INFO:root:Hex cmd2 = 0x20440b

INFO:root:Line 34 stripped = TXOFFSET 0
INFO:root:Hex cmd1 = 0x20000000

INFO:root:Hex cmd2 = 0x0

INFO:root:Line 35 stripped = PR 3 200
INFO:root:Hex cmd1 = 0x74000300

INFO:root:Hex cmd2 = 0x6f9b

INFO:root:Line 36 stripped = PR 5 120
INFO:root:Hex cmd1 = 0x74000500

INFO:root:Hex cmd2 = 0x42f6

INFO:root:Line 37 stripped = PR 3 2888
INFO:root:Hex cmd1 = 0x74000300

INFO:root:Hex cmd2 = 0x64b9b

INFO:root:Line 38 stripped = TXOFFSET 2000
INFO:root:Hex cmd1 = 0x20000000

INFO:root:Hex cmd2 = 0x7d0

INFO:root:Line 39 stripped = PR 3 200
INFO:root:Hex cmd1 = 0x74000300

INFO:root:Hex cmd2 = 0x6f9b

INFO:root:Line 40 stripped = PR 5 180
INFO:root:Hex cmd1 = 0x74000500

INFO:root:Hex cmd2 = 0x6472

INFO:root:Line 41 stripped = PR 3 2888
INFO:root:Hex cmd1 = 0x74000300

INFO:root:Hex cmd2 = 0x64b9b

INFO:root:Line 42 stripped = PR 3 400
INFO:root:Hex cmd1 = 0x74000300

INFO:root:Hex cmd2 = 0xdf36

INFO:root:Line 43 stripped = PR 4 200000
INFO:root:Hex cmd1 = 0x74000400

INFO:root:Hex cmd2 = 0x1b3f724

INFO:root:Line 44 stripped = DEC 2
INFO:root:Hex cmd1 = 0x4000002

INFO:root:Hex cmd2 = 0x0

INFO:root:Line 45 stripped = JNZ 2 0x1D
INFO:root:Hex cmd1 = 0x40000002

INFO:root:Hex cmd2 = 0x1d

INFO:root:Line 46 stripped = HALT
INFO:root:Hex cmd1 = 0x64000000

INFO:root:Hex cmd2 = 0x0

INFO:root:Hex ints = [16, 1543503872, 1, 0, 0, 0, 0, 0, 2, 0, 0, 0, 19, 0, 17, 0, 6, 0, 4, 0, 23, 0, 21, 0, 0, 0, 0, 0, 0, 0, 0, 0, 1, 268435458, 4, 268435459, 5, 268435460, 6, 268435461, 7, 268435462, 8, 268435463, 9, 268435464, 10, 268435465, 11, 268435466, 0, 0, 0, 0, 0, 0, 0, 0, 1000, 536870912, 28571, 1946157824, 25714, 1946158336, 2114571, 1946157824, 0, 536870912, 28571, 1946157824, 17142, 1946158336, 412571, 1946157824, 2000, 536870912, 28571, 1946157824, 25714, 1946158336, 412571, 1946157824, 57142, 1946157824, 28571428, 1946158080, 0, 67108866, 29, 1073741826, 0, 1677721600]

INFO:root:Hex bytes = [b'\x10\x00\x00\x00', b'\x00\x00\x00\\', b'\x01\x00\x00\x00', b'\x00\x00\x00\x00', b'\x00\x00\x00\x00', b'\x00\x00\x00\x00', b'\x00\x00\x00\x00', b'\x00\x00\x00\x00', b'\x02\x00\x00\x00', b'\x00\x00\x00\x00', b'\x00\x00\x00\x00', b'\x00\x00\x00\x00', b'\x13\x00\x00\x00', b'\x00\x00\x00\x00', b'\x11\x00\x00\x00', b'\x00\x00\x00\x00', b'\x06\x00\x00\x00', b'\x00\x00\x00\x00', b'\x04\x00\x00\x00', b'\x00\x00\x00\x00', b'\x17\x00\x00\x00', b'\x00\x00\x00\x00', b'\x15\x00\x00\x00', b'\x00\x00\x00\x00', b'\x00\x00\x00\x00', b'\x00\x00\x00\x00', b'\x00\x00\x00\x00', b'\x00\x00\x00\x00', b'\x00\x00\x00\x00', b'\x00\x00\x00\x00', b'\x00\x00\x00\x00', b'\x00\x00\x00\x00', b'\x01\x00\x00\x00', b'\x02\x00\x00\x10', b'\x04\x00\x00\x00', b'\x03\x00\x00\x10', b'\x05\x00\x00\x00', b'\x04\x00\x00\x10', b'\x06\x00\x00\x00', b'\x05\x00\x00\x10', b'\x07\x00\x00\x00', b'\x06\x00\x00\x10', b'\x08\x00\x00\x00', b'\x07\x00\x00\x10', b'\t\x00\x00\x00', b'\x08\x00\x00\x10', b'\n\x00\x00\x00', b'\t\x00\x00\x10', b'\x0b\x00\x00\x00', b'\n\x00\x00\x10', b'\x00\x00\x00\x00', b'\x00\x00\x00\x00', b'\x00\x00\x00\x00', b'\x00\x00\x00\x00', b'\x00\x00\x00\x00', b'\x00\x00\x00\x00', b'\x00\x00\x00\x00', b'\x00\x00\x00\x00', b'\xe8\x03\x00\x00', b'\x00\x00\x00 ', b'\x9bo\x00\x00', b'\x00\x03\x00t', b'rd\x00\x00', b'\x00\x05\x00t', b'\x0bD \x00', b'\x00\x03\x00t', b'\x00\x00\x00\x00', b'\x00\x00\x00 ', b'\x9bo\x00\x00', b'\x00\x03\x00t', b'\xf6B\x00\x00', b'\x00\x05\x00t', b'\x9bK\x06\x00', b'\x00\x03\x00t', b'\xd0\x07\x00\x00', b'\x00\x00\x00 ', b'\x9bo\x00\x00', b'\x00\x03\x00t', b'rd\x00\x00', b'\x00\x05\x00t', b'\x9bK\x06\x00', b'\x00\x03\x00t', b'6\xdf\x00\x00', b'\x00\x03\x00t', b'$\xf7\xb3\x01', b'\x00\x04\x00t', b'\x00\x00\x00\x00', b'\x02\x00\x00\x04', b'\x1d\x00\x00\x00', b'\x02\x00\x00@', b'\x00\x00\x00\x00', b'\x00\x00\x00d']

INFO:root:Length of hex bytes = 92

INFO:root:b = b'\x10\x00\x00\x00\x00\x00\x00\\\x01\x00\x00\x00\x00\x00\x00\x00\x00\x00\x00\x00\x00\x00\x00\x00\x00\x00\x00\x00\x00\x00\x00\x00\x02\x00\x00\x00\x00\x00\x00\x00\x00\x00\x00\x00\x00\x00\x00\x00\x13\x00\x00\x00\x00\x00\x00\x00\x11\x00\x00\x00\x00\x00\x00\x00\x06\x00\x00\x00\x00\x00\x00\x00\x04\x00\x00\x00\x00\x00\x00\x00\x17\x00\x00\x00\x00\x00\x00\x00\x15\x00\x00\x00\x00\x00\x00\x00\x00\x00\x00\x00\x00\x00\x00\x00\x00\x00\x00\x00\x00\x00\x00\x00\x00\x00\x00\x00\x00\x00\x00\x00\x00\x00\x00\x00\x00\x00\x00\x00\x01\x00\x00\x00\x02\x00\x00\x10\x04\x00\x00\x00\x03\x00\x00\x10\x05\x00\x00\x00\x04\x00\x00\x10\x06\x00\x00\x00\x05\x00\x00\x10\x07\x00\x00\x00\x06\x00\x00\x10\x08\x00\x00\x00\x07\x00\x00\x10\t\x00\x00\x00\x08\x00\x00\x10\n\x00\x00\x00\t\x00\x00\x10\x0b\x00\x00\x00\n\x00\x00\x10\x00\x00\x00\x00\x00\x00\x00\x00\x00\x00\x00\x00\x00\x00\x00\x00\x00\x00\x00\x00\x00\x00\x00\x00\x00\x00\x00\x00\x00\x00\x00\x00\xe8\x03\x00\x00\x00\x00\x00 \x9bo\x00\x00\x00\x03\x00trd\x00\x00\x00\x05\x00t\x0bD \x00\x00\x03\x00t\x00\x00\x00\x00\x00\x00\x00 \x9bo\x00\x00\x00\x03\x00t\xf6B\x00\x00\x00\x05\x00t\x9bK\x06\x00\x00\x03\x00t\xd0\x07\x00\x00\x00\x00\x00 \x9bo\x00\x00\x00\x03\x00trd\x00\x00\x00\x05\x00t\x9bK\x06\x00\x00\x03\x00t6\xdf\x00\x00\x00\x03\x00t$\xf7\xb3\x01\x00\x04\x00t\x00\x00\x00\x00\x02\x00\x00\x04\x1d\x00\x00\x00\x02\x00\x00@\x00\x00\x00\x00\x00\x00\x00d'
INFO:root:Length of byte array = 368
INFO:root:Opening file
INFO:root:Line 1 stripped = J 10
INFO:root:Hex cmd1 = 0x5c000000

INFO:root:Hex cmd2 = 0x10

INFO:root:Line 2 stripped = LOOP_CTR = 0x1
INFO:root:Hex cmd1 = 0x0

INFO:root:Hex cmd2 = 0x1

INFO:root:Line 3 stripped = CMD1 = 0x0
INFO:root:Hex cmd1 = 0x0

INFO:root:Hex cmd2 = 0x0

INFO:root:Line 4 stripped = CMD2 = 0x0
INFO:root:Hex cmd1 = 0x0

INFO:root:Hex cmd2 = 0x0

INFO:root:Line 5 stripped = CMD3 = 0x2
INFO:root:Hex cmd1 = 0x0

INFO:root:Hex cmd2 = 0x2

INFO:root:Line 6 stripped = CMD4 = 0X0
INFO:root:Hex cmd1 = 0x0

INFO:root:Hex cmd2 = 0x0

INFO:root:Line 7 stripped = CMD5 = TX_GATE | TX_PULSE | RX_PULSE
INFO:root:Hex cmd1 = 0x0

INFO:root:Hex cmd2 = 0x13

INFO:root:Line 8 stripped = CMD6 = TX_GATE | TX_PULSE
INFO:root:Hex cmd1 = 0x0

INFO:root:Hex cmd2 = 0x11

INFO:root:Line 9 stripped = CMD7 = GRAD_PULSE | RX_PULSE
INFO:root:Hex cmd1 = 0x0

INFO:root:Hex cmd2 = 0x6

INFO:root:Line 10 stripped = CMD8 = GRAD_PULSE
INFO:root:Hex cmd1 = 0x0

INFO:root:Hex cmd2 = 0x4

INFO:root:Line 11 stripped = CMD9 = TX_GATE | TX_PULSE | RX_PULSE | GRAD_PULSE
INFO:root:Hex cmd1 = 0x0

INFO:root:Hex cmd2 = 0x17

INFO:root:Line 12 stripped = CMD10 = TX_GATE | TX_PULSE | GRAD_PULSE
INFO:root:Hex cmd1 = 0x0

INFO:root:Hex cmd2 = 0x15

INFO:root:Line 13 stripped = NOP
INFO:root:Hex cmd1 = 0x0

INFO:root:Hex cmd2 = 0x0

INFO:root:Line 14 stripped = NOP
INFO:root:Hex cmd1 = 0x0

INFO:root:Hex cmd2 = 0x0

INFO:root:Line 15 stripped = NOP
INFO:root:Hex cmd1 = 0x0

INFO:root:Hex cmd2 = 0x0

INFO:root:Line 16 stripped = NOP
INFO:root:Hex cmd1 = 0x0

INFO:root:Hex cmd2 = 0x0

INFO:root:Line 17 stripped = LD64 2 LOOP_CTR
INFO:root:Hex cmd1 = 0x10000002

INFO:root:Hex cmd2 = 0x1

INFO:root:Line 18 stripped = LD64 3 CMD3
INFO:root:Hex cmd1 = 0x10000003

INFO:root:Hex cmd2 = 0x4

INFO:root:Line 19 stripped = LD64 4 CMD4
INFO:root:Hex cmd1 = 0x10000004

INFO:root:Hex cmd2 = 0x5

INFO:root:Line 20 stripped = LD64 5 CMD5
INFO:root:Hex cmd1 = 0x10000005

INFO:root:Hex cmd2 = 0x6

INFO:root:Line 21 stripped = LD64 6 CMD6
INFO:root:Hex cmd1 = 0x10000006

INFO:root:Hex cmd2 = 0x7

INFO:root:Line 22 stripped = LD64 7 CMD7
INFO:root:Hex cmd1 = 0x10000007

INFO:root:Hex cmd2 = 0x8

INFO:root:Line 23 stripped = LD64 8 CMD8
INFO:root:Hex cmd1 = 0x10000008

INFO:root:Hex cmd2 = 0x9

INFO:root:Line 24 stripped = LD64 9 CMD9
INFO:root:Hex cmd1 = 0x10000009

INFO:root:Hex cmd2 = 0xa

INFO:root:Line 25 stripped = LD64 10 CMD10
INFO:root:Hex cmd1 = 0x1000000a

INFO:root:Hex cmd2 = 0xb

INFO:root:Line 26 stripped = NOP
INFO:root:Hex cmd1 = 0x0

INFO:root:Hex cmd2 = 0x0

INFO:root:Line 27 stripped = NOP
INFO:root:Hex cmd1 = 0x0

INFO:root:Hex cmd2 = 0x0

INFO:root:Line 28 stripped = NOP
INFO:root:Hex cmd1 = 0x0

INFO:root:Hex cmd2 = 0x0

INFO:root:Line 29 stripped = NOP
INFO:root:Hex cmd1 = 0x0

INFO:root:Hex cmd2 = 0x0

INFO:root:Line 30 stripped = TXOFFSET 1000
INFO:root:Hex cmd1 = 0x20000000

INFO:root:Hex cmd2 = 0x3e8

INFO:root:Line 31 stripped = PR 3 200
INFO:root:Hex cmd1 = 0x74000300

INFO:root:Hex cmd2 = 0x6f9b

INFO:root:Line 32 stripped = PR 5 180
INFO:root:Hex cmd1 = 0x74000500

INFO:root:Hex cmd2 = 0x6472

INFO:root:Line 33 stripped = PR 3 9802
INFO:root:Hex cmd1 = 0x74000300

INFO:root:Hex cmd2 = 0x155ddd

INFO:root:Line 34 stripped = TXOFFSET 0
INFO:root:Hex cmd1 = 0x20000000

INFO:root:Hex cmd2 = 0x0

INFO:root:Line 35 stripped = PR 3 200
INFO:root:Hex cmd1 = 0x74000300

INFO:root:Hex cmd2 = 0x6f9b

INFO:root:Line 36 stripped = PR 5 120
INFO:root:Hex cmd1 = 0x74000500

INFO:root:Hex cmd2 = 0x42f6

INFO:root:Line 37 stripped = PR 3 2888
INFO:root:Hex cmd1 = 0x74000300

INFO:root:Hex cmd2 = 0x64b9b

INFO:root:Line 38 stripped = TXOFFSET 2000
INFO:root:Hex cmd1 = 0x20000000

INFO:root:Hex cmd2 = 0x7d0

INFO:root:Line 39 stripped = PR 3 200
INFO:root:Hex cmd1 = 0x74000300

INFO:root:Hex cmd2 = 0x6f9b

INFO:root:Line 40 stripped = PR 5 180
INFO:root:Hex cmd1 = 0x74000500

INFO:root:Hex cmd2 = 0x6472

INFO:root:Line 41 stripped = PR 3 2888
INFO:root:Hex cmd1 = 0x74000300

INFO:root:Hex cmd2 = 0x64b9b

INFO:root:Line 42 stripped = PR 3 400
INFO:root:Hex cmd1 = 0x74000300

INFO:root:Hex cmd2 = 0xdf36

INFO:root:Line 43 stripped = PR 4 200000
INFO:root:Hex cmd1 = 0x74000400

INFO:root:Hex cmd2 = 0x1b3f724

INFO:root:Line 44 stripped = DEC 2
INFO:root:Hex cmd1 = 0x4000002

INFO:root:Hex cmd2 = 0x0

INFO:root:Line 45 stripped = JNZ 2 0x1D
INFO:root:Hex cmd1 = 0x40000002

INFO:root:Hex cmd2 = 0x1d

INFO:root:Line 46 stripped = HALT
INFO:root:Hex cmd1 = 0x64000000

INFO:root:Hex cmd2 = 0x0

INFO:root:Hex ints = [16, 1543503872, 1, 0, 0, 0, 0, 0, 2, 0, 0, 0, 19, 0, 17, 0, 6, 0, 4, 0, 23, 0, 21, 0, 0, 0, 0, 0, 0, 0, 0, 0, 1, 268435458, 4, 268435459, 5, 268435460, 6, 268435461, 7, 268435462, 8, 268435463, 9, 268435464, 10, 268435465, 11, 268435466, 0, 0, 0, 0, 0, 0, 0, 0, 1000, 536870912, 28571, 1946157824, 25714, 1946158336, 1400285, 1946157824, 0, 536870912, 28571, 1946157824, 17142, 1946158336, 412571, 1946157824, 2000, 536870912, 28571, 1946157824, 25714, 1946158336, 412571, 1946157824, 57142, 1946157824, 28571428, 1946158080, 0, 67108866, 29, 1073741826, 0, 1677721600]

INFO:root:Hex bytes = [b'\x10\x00\x00\x00', b'\x00\x00\x00\\', b'\x01\x00\x00\x00', b'\x00\x00\x00\x00', b'\x00\x00\x00\x00', b'\x00\x00\x00\x00', b'\x00\x00\x00\x00', b'\x00\x00\x00\x00', b'\x02\x00\x00\x00', b'\x00\x00\x00\x00', b'\x00\x00\x00\x00', b'\x00\x00\x00\x00', b'\x13\x00\x00\x00', b'\x00\x00\x00\x00', b'\x11\x00\x00\x00', b'\x00\x00\x00\x00', b'\x06\x00\x00\x00', b'\x00\x00\x00\x00', b'\x04\x00\x00\x00', b'\x00\x00\x00\x00', b'\x17\x00\x00\x00', b'\x00\x00\x00\x00', b'\x15\x00\x00\x00', b'\x00\x00\x00\x00', b'\x00\x00\x00\x00', b'\x00\x00\x00\x00', b'\x00\x00\x00\x00', b'\x00\x00\x00\x00', b'\x00\x00\x00\x00', b'\x00\x00\x00\x00', b'\x00\x00\x00\x00', b'\x00\x00\x00\x00', b'\x01\x00\x00\x00', b'\x02\x00\x00\x10', b'\x04\x00\x00\x00', b'\x03\x00\x00\x10', b'\x05\x00\x00\x00', b'\x04\x00\x00\x10', b'\x06\x00\x00\x00', b'\x05\x00\x00\x10', b'\x07\x00\x00\x00', b'\x06\x00\x00\x10', b'\x08\x00\x00\x00', b'\x07\x00\x00\x10', b'\t\x00\x00\x00', b'\x08\x00\x00\x10', b'\n\x00\x00\x00', b'\t\x00\x00\x10', b'\x0b\x00\x00\x00', b'\n\x00\x00\x10', b'\x00\x00\x00\x00', b'\x00\x00\x00\x00', b'\x00\x00\x00\x00', b'\x00\x00\x00\x00', b'\x00\x00\x00\x00', b'\x00\x00\x00\x00', b'\x00\x00\x00\x00', b'\x00\x00\x00\x00', b'\xe8\x03\x00\x00', b'\x00\x00\x00 ', b'\x9bo\x00\x00', b'\x00\x03\x00t', b'rd\x00\x00', b'\x00\x05\x00t', b'\xdd]\x15\x00', b'\x00\x03\x00t', b'\x00\x00\x00\x00', b'\x00\x00\x00 ', b'\x9bo\x00\x00', b'\x00\x03\x00t', b'\xf6B\x00\x00', b'\x00\x05\x00t', b'\x9bK\x06\x00', b'\x00\x03\x00t', b'\xd0\x07\x00\x00', b'\x00\x00\x00 ', b'\x9bo\x00\x00', b'\x00\x03\x00t', b'rd\x00\x00', b'\x00\x05\x00t', b'\x9bK\x06\x00', b'\x00\x03\x00t', b'6\xdf\x00\x00', b'\x00\x03\x00t', b'$\xf7\xb3\x01', b'\x00\x04\x00t', b'\x00\x00\x00\x00', b'\x02\x00\x00\x04', b'\x1d\x00\x00\x00', b'\x02\x00\x00@', b'\x00\x00\x00\x00', b'\x00\x00\x00d']

INFO:root:Length of hex bytes = 92

INFO:root:b = b'\x10\x00\x00\x00\x00\x00\x00\\\x01\x00\x00\x00\x00\x00\x00\x00\x00\x00\x00\x00\x00\x00\x00\x00\x00\x00\x00\x00\x00\x00\x00\x00\x02\x00\x00\x00\x00\x00\x00\x00\x00\x00\x00\x00\x00\x00\x00\x00\x13\x00\x00\x00\x00\x00\x00\x00\x11\x00\x00\x00\x00\x00\x00\x00\x06\x00\x00\x00\x00\x00\x00\x00\x04\x00\x00\x00\x00\x00\x00\x00\x17\x00\x00\x00\x00\x00\x00\x00\x15\x00\x00\x00\x00\x00\x00\x00\x00\x00\x00\x00\x00\x00\x00\x00\x00\x00\x00\x00\x00\x00\x00\x00\x00\x00\x00\x00\x00\x00\x00\x00\x00\x00\x00\x00\x00\x00\x00\x00\x01\x00\x00\x00\x02\x00\x00\x10\x04\x00\x00\x00\x03\x00\x00\x10\x05\x00\x00\x00\x04\x00\x00\x10\x06\x00\x00\x00\x05\x00\x00\x10\x07\x00\x00\x00\x06\x00\x00\x10\x08\x00\x00\x00\x07\x00\x00\x10\t\x00\x00\x00\x08\x00\x00\x10\n\x00\x00\x00\t\x00\x00\x10\x0b\x00\x00\x00\n\x00\x00\x10\x00\x00\x00\x00\x00\x00\x00\x00\x00\x00\x00\x00\x00\x00\x00\x00\x00\x00\x00\x00\x00\x00\x00\x00\x00\x00\x00\x00\x00\x00\x00\x00\xe8\x03\x00\x00\x00\x00\x00 \x9bo\x00\x00\x00\x03\x00trd\x00\x00\x00\x05\x00t\xdd]\x15\x00\x00\x03\x00t\x00\x00\x00\x00\x00\x00\x00 \x9bo\x00\x00\x00\x03\x00t\xf6B\x00\x00\x00\x05\x00t\x9bK\x06\x00\x00\x03\x00t\xd0\x07\x00\x00\x00\x00\x00 \x9bo\x00\x00\x00\x03\x00trd\x00\x00\x00\x05\x00t\x9bK\x06\x00\x00\x03\x00t6\xdf\x00\x00\x00\x03\x00t$\xf7\xb3\x01\x00\x04\x00t\x00\x00\x00\x00\x02\x00\x00\x04\x1d\x00\x00\x00\x02\x00\x00@\x00\x00\x00\x00\x00\x00\x00d'
INFO:root:Length of byte array = 368
INFO:root:Opening file
INFO:root:Line 1 stripped = J 10
INFO:root:Hex cmd1 = 0x5c000000

INFO:root:Hex cmd2 = 0x10

INFO:root:Line 2 stripped = LOOP_CTR = 0x1
INFO:root:Hex cmd1 = 0x0

INFO:root:Hex cmd2 = 0x1

INFO:root:Line 3 stripped = CMD1 = 0x0
INFO:root:Hex cmd1 = 0x0

INFO:root:Hex cmd2 = 0x0

INFO:root:Line 4 stripped = CMD2 = 0x0
INFO:root:Hex cmd1 = 0x0

INFO:root:Hex cmd2 = 0x0

INFO:root:Line 5 stripped = CMD3 = 0x2
INFO:root:Hex cmd1 = 0x0

INFO:root:Hex cmd2 = 0x2

INFO:root:Line 6 stripped = CMD4 = 0X0
INFO:root:Hex cmd1 = 0x0

INFO:root:Hex cmd2 = 0x0

INFO:root:Line 7 stripped = CMD5 = TX_GATE | TX_PULSE | RX_PULSE
INFO:root:Hex cmd1 = 0x0

INFO:root:Hex cmd2 = 0x13

INFO:root:Line 8 stripped = CMD6 = TX_GATE | TX_PULSE
INFO:root:Hex cmd1 = 0x0

INFO:root:Hex cmd2 = 0x11

INFO:root:Line 9 stripped = CMD7 = GRAD_PULSE | RX_PULSE
INFO:root:Hex cmd1 = 0x0

INFO:root:Hex cmd2 = 0x6

INFO:root:Line 10 stripped = CMD8 = GRAD_PULSE
INFO:root:Hex cmd1 = 0x0

INFO:root:Hex cmd2 = 0x4

INFO:root:Line 11 stripped = CMD9 = TX_GATE | TX_PULSE | RX_PULSE | GRAD_PULSE
INFO:root:Hex cmd1 = 0x0

INFO:root:Hex cmd2 = 0x17

INFO:root:Line 12 stripped = CMD10 = TX_GATE | TX_PULSE | GRAD_PULSE
INFO:root:Hex cmd1 = 0x0

INFO:root:Hex cmd2 = 0x15

INFO:root:Line 13 stripped = NOP
INFO:root:Hex cmd1 = 0x0

INFO:root:Hex cmd2 = 0x0

INFO:root:Line 14 stripped = NOP
INFO:root:Hex cmd1 = 0x0

INFO:root:Hex cmd2 = 0x0

INFO:root:Line 15 stripped = NOP
INFO:root:Hex cmd1 = 0x0

INFO:root:Hex cmd2 = 0x0

INFO:root:Line 16 stripped = NOP
INFO:root:Hex cmd1 = 0x0

INFO:root:Hex cmd2 = 0x0

INFO:root:Line 17 stripped = LD64 2 LOOP_CTR
INFO:root:Hex cmd1 = 0x10000002

INFO:root:Hex cmd2 = 0x1

INFO:root:Line 18 stripped = LD64 3 CMD3
INFO:root:Hex cmd1 = 0x10000003

INFO:root:Hex cmd2 = 0x4

INFO:root:Line 19 stripped = LD64 4 CMD4
INFO:root:Hex cmd1 = 0x10000004

INFO:root:Hex cmd2 = 0x5

INFO:root:Line 20 stripped = LD64 5 CMD5
INFO:root:Hex cmd1 = 0x10000005

INFO:root:Hex cmd2 = 0x6

INFO:root:Line 21 stripped = LD64 6 CMD6
INFO:root:Hex cmd1 = 0x10000006

INFO:root:Hex cmd2 = 0x7

INFO:root:Line 22 stripped = LD64 7 CMD7
INFO:root:Hex cmd1 = 0x10000007

INFO:root:Hex cmd2 = 0x8

INFO:root:Line 23 stripped = LD64 8 CMD8
INFO:root:Hex cmd1 = 0x10000008

INFO:root:Hex cmd2 = 0x9

INFO:root:Line 24 stripped = LD64 9 CMD9
INFO:root:Hex cmd1 = 0x10000009

INFO:root:Hex cmd2 = 0xa

INFO:root:Line 25 stripped = LD64 10 CMD10
INFO:root:Hex cmd1 = 0x1000000a

INFO:root:Hex cmd2 = 0xb

INFO:root:Line 26 stripped = NOP
INFO:root:Hex cmd1 = 0x0

INFO:root:Hex cmd2 = 0x0

INFO:root:Line 27 stripped = NOP
INFO:root:Hex cmd1 = 0x0

INFO:root:Hex cmd2 = 0x0

INFO:root:Line 28 stripped = NOP
INFO:root:Hex cmd1 = 0x0

INFO:root:Hex cmd2 = 0x0

INFO:root:Line 29 stripped = NOP
INFO:root:Hex cmd1 = 0x0

INFO:root:Hex cmd2 = 0x0

INFO:root:Line 30 stripped = TXOFFSET 1000
INFO:root:Hex cmd1 = 0x20000000

INFO:root:Hex cmd2 = 0x3e8

INFO:root:Line 31 stripped = PR 3 200
INFO:root:Hex cmd1 = 0x74000300

INFO:root:Hex cmd2 = 0x6f9b

INFO:root:Line 32 stripped = PR 5 180
INFO:root:Hex cmd1 = 0x74000500

INFO:root:Hex cmd2 = 0x6472

INFO:root:Line 33 stripped = PR 3 22802
INFO:root:Hex cmd1 = 0x74000300

INFO:root:Hex cmd2 = 0x31b454

INFO:root:Line 34 stripped = TXOFFSET 0
INFO:root:Hex cmd1 = 0x20000000

INFO:root:Hex cmd2 = 0x0

INFO:root:Line 35 stripped = PR 3 200
INFO:root:Hex cmd1 = 0x74000300

INFO:root:Hex cmd2 = 0x6f9b

INFO:root:Line 36 stripped = PR 5 120
INFO:root:Hex cmd1 = 0x74000500

INFO:root:Hex cmd2 = 0x42f6

INFO:root:Line 37 stripped = PR 3 2888
INFO:root:Hex cmd1 = 0x74000300

INFO:root:Hex cmd2 = 0x64b9b

INFO:root:Line 38 stripped = TXOFFSET 2000
INFO:root:Hex cmd1 = 0x20000000

INFO:root:Hex cmd2 = 0x7d0

INFO:root:Line 39 stripped = PR 3 200
INFO:root:Hex cmd1 = 0x74000300

INFO:root:Hex cmd2 = 0x6f9b

INFO:root:Line 40 stripped = PR 5 180
INFO:root:Hex cmd1 = 0x74000500

INFO:root:Hex cmd2 = 0x6472

INFO:root:Line 41 stripped = PR 3 2888
INFO:root:Hex cmd1 = 0x74000300

INFO:root:Hex cmd2 = 0x64b9b

INFO:root:Line 42 stripped = PR 3 400
INFO:root:Hex cmd1 = 0x74000300

INFO:root:Hex cmd2 = 0xdf36

INFO:root:Line 43 stripped = PR 4 200000
INFO:root:Hex cmd1 = 0x74000400

INFO:root:Hex cmd2 = 0x1b3f724

INFO:root:Line 44 stripped = DEC 2
INFO:root:Hex cmd1 = 0x4000002

INFO:root:Hex cmd2 = 0x0

INFO:root:Line 45 stripped = JNZ 2 0x1D
INFO:root:Hex cmd1 = 0x40000002

INFO:root:Hex cmd2 = 0x1d

INFO:root:Line 46 stripped = HALT
INFO:root:Hex cmd1 = 0x64000000

INFO:root:Hex cmd2 = 0x0

INFO:root:Hex ints = [16, 1543503872, 1, 0, 0, 0, 0, 0, 2, 0, 0, 0, 19, 0, 17, 0, 6, 0, 4, 0, 23, 0, 21, 0, 0, 0, 0, 0, 0, 0, 0, 0, 1, 268435458, 4, 268435459, 5, 268435460, 6, 268435461, 7, 268435462, 8, 268435463, 9, 268435464, 10, 268435465, 11, 268435466, 0, 0, 0, 0, 0, 0, 0, 0, 1000, 536870912, 28571, 1946157824, 25714, 1946158336, 3257428, 1946157824, 0, 536870912, 28571, 1946157824, 17142, 1946158336, 412571, 1946157824, 2000, 536870912, 28571, 1946157824, 25714, 1946158336, 412571, 1946157824, 57142, 1946157824, 28571428, 1946158080, 0, 67108866, 29, 1073741826, 0, 1677721600]

INFO:root:Hex bytes = [b'\x10\x00\x00\x00', b'\x00\x00\x00\\', b'\x01\x00\x00\x00', b'\x00\x00\x00\x00', b'\x00\x00\x00\x00', b'\x00\x00\x00\x00', b'\x00\x00\x00\x00', b'\x00\x00\x00\x00', b'\x02\x00\x00\x00', b'\x00\x00\x00\x00', b'\x00\x00\x00\x00', b'\x00\x00\x00\x00', b'\x13\x00\x00\x00', b'\x00\x00\x00\x00', b'\x11\x00\x00\x00', b'\x00\x00\x00\x00', b'\x06\x00\x00\x00', b'\x00\x00\x00\x00', b'\x04\x00\x00\x00', b'\x00\x00\x00\x00', b'\x17\x00\x00\x00', b'\x00\x00\x00\x00', b'\x15\x00\x00\x00', b'\x00\x00\x00\x00', b'\x00\x00\x00\x00', b'\x00\x00\x00\x00', b'\x00\x00\x00\x00', b'\x00\x00\x00\x00', b'\x00\x00\x00\x00', b'\x00\x00\x00\x00', b'\x00\x00\x00\x00', b'\x00\x00\x00\x00', b'\x01\x00\x00\x00', b'\x02\x00\x00\x10', b'\x04\x00\x00\x00', b'\x03\x00\x00\x10', b'\x05\x00\x00\x00', b'\x04\x00\x00\x10', b'\x06\x00\x00\x00', b'\x05\x00\x00\x10', b'\x07\x00\x00\x00', b'\x06\x00\x00\x10', b'\x08\x00\x00\x00', b'\x07\x00\x00\x10', b'\t\x00\x00\x00', b'\x08\x00\x00\x10', b'\n\x00\x00\x00', b'\t\x00\x00\x10', b'\x0b\x00\x00\x00', b'\n\x00\x00\x10', b'\x00\x00\x00\x00', b'\x00\x00\x00\x00', b'\x00\x00\x00\x00', b'\x00\x00\x00\x00', b'\x00\x00\x00\x00', b'\x00\x00\x00\x00', b'\x00\x00\x00\x00', b'\x00\x00\x00\x00', b'\xe8\x03\x00\x00', b'\x00\x00\x00 ', b'\x9bo\x00\x00', b'\x00\x03\x00t', b'rd\x00\x00', b'\x00\x05\x00t', b'T\xb41\x00', b'\x00\x03\x00t', b'\x00\x00\x00\x00', b'\x00\x00\x00 ', b'\x9bo\x00\x00', b'\x00\x03\x00t', b'\xf6B\x00\x00', b'\x00\x05\x00t', b'\x9bK\x06\x00', b'\x00\x03\x00t', b'\xd0\x07\x00\x00', b'\x00\x00\x00 ', b'\x9bo\x00\x00', b'\x00\x03\x00t', b'rd\x00\x00', b'\x00\x05\x00t', b'\x9bK\x06\x00', b'\x00\x03\x00t', b'6\xdf\x00\x00', b'\x00\x03\x00t', b'$\xf7\xb3\x01', b'\x00\x04\x00t', b'\x00\x00\x00\x00', b'\x02\x00\x00\x04', b'\x1d\x00\x00\x00', b'\x02\x00\x00@', b'\x00\x00\x00\x00', b'\x00\x00\x00d']

INFO:root:Length of hex bytes = 92

INFO:root:b = b'\x10\x00\x00\x00\x00\x00\x00\\\x01\x00\x00\x00\x00\x00\x00\x00\x00\x00\x00\x00\x00\x00\x00\x00\x00\x00\x00\x00\x00\x00\x00\x00\x02\x00\x00\x00\x00\x00\x00\x00\x00\x00\x00\x00\x00\x00\x00\x00\x13\x00\x00\x00\x00\x00\x00\x00\x11\x00\x00\x00\x00\x00\x00\x00\x06\x00\x00\x00\x00\x00\x00\x00\x04\x00\x00\x00\x00\x00\x00\x00\x17\x00\x00\x00\x00\x00\x00\x00\x15\x00\x00\x00\x00\x00\x00\x00\x00\x00\x00\x00\x00\x00\x00\x00\x00\x00\x00\x00\x00\x00\x00\x00\x00\x00\x00\x00\x00\x00\x00\x00\x00\x00\x00\x00\x00\x00\x00\x00\x01\x00\x00\x00\x02\x00\x00\x10\x04\x00\x00\x00\x03\x00\x00\x10\x05\x00\x00\x00\x04\x00\x00\x10\x06\x00\x00\x00\x05\x00\x00\x10\x07\x00\x00\x00\x06\x00\x00\x10\x08\x00\x00\x00\x07\x00\x00\x10\t\x00\x00\x00\x08\x00\x00\x10\n\x00\x00\x00\t\x00\x00\x10\x0b\x00\x00\x00\n\x00\x00\x10\x00\x00\x00\x00\x00\x00\x00\x00\x00\x00\x00\x00\x00\x00\x00\x00\x00\x00\x00\x00\x00\x00\x00\x00\x00\x00\x00\x00\x00\x00\x00\x00\xe8\x03\x00\x00\x00\x00\x00 \x9bo\x00\x00\x00\x03\x00trd\x00\x00\x00\x05\x00tT\xb41\x00\x00\x03\x00t\x00\x00\x00\x00\x00\x00\x00 \x9bo\x00\x00\x00\x03\x00t\xf6B\x00\x00\x00\x05\x00t\x9bK\x06\x00\x00\x03\x00t\xd0\x07\x00\x00\x00\x00\x00 \x9bo\x00\x00\x00\x03\x00trd\x00\x00\x00\x05\x00t\x9bK\x06\x00\x00\x03\x00t6\xdf\x00\x00\x00\x03\x00t$\xf7\xb3\x01\x00\x04\x00t\x00\x00\x00\x00\x02\x00\x00\x04\x1d\x00\x00\x00\x02\x00\x00@\x00\x00\x00\x00\x00\x00\x00d'
INFO:root:Length of byte array = 368
INFO:root:Opening file
INFO:root:Line 1 stripped = J 10
INFO:root:Hex cmd1 = 0x5c000000

INFO:root:Hex cmd2 = 0x10

INFO:root:Line 2 stripped = LOOP_CTR = 0x1
INFO:root:Hex cmd1 = 0x0

INFO:root:Hex cmd2 = 0x1

INFO:root:Line 3 stripped = CMD1 = 0x0
INFO:root:Hex cmd1 = 0x0

INFO:root:Hex cmd2 = 0x0

INFO:root:Line 4 stripped = CMD2 = 0x0
INFO:root:Hex cmd1 = 0x0

INFO:root:Hex cmd2 = 0x0

INFO:root:Line 5 stripped = CMD3 = 0x2
INFO:root:Hex cmd1 = 0x0

INFO:root:Hex cmd2 = 0x2

INFO:root:Line 6 stripped = CMD4 = 0X0
INFO:root:Hex cmd1 = 0x0

INFO:root:Hex cmd2 = 0x0

INFO:root:Line 7 stripped = CMD5 = TX_GATE | TX_PULSE | RX_PULSE
INFO:root:Hex cmd1 = 0x0

INFO:root:Hex cmd2 = 0x13

INFO:root:Line 8 stripped = CMD6 = TX_GATE | TX_PULSE
INFO:root:Hex cmd1 = 0x0

INFO:root:Hex cmd2 = 0x11

INFO:root:Line 9 stripped = CMD7 = GRAD_PULSE | RX_PULSE
INFO:root:Hex cmd1 = 0x0

INFO:root:Hex cmd2 = 0x6

INFO:root:Line 10 stripped = CMD8 = GRAD_PULSE
INFO:root:Hex cmd1 = 0x0

INFO:root:Hex cmd2 = 0x4

INFO:root:Line 11 stripped = CMD9 = TX_GATE | TX_PULSE | RX_PULSE | GRAD_PULSE
INFO:root:Hex cmd1 = 0x0

INFO:root:Hex cmd2 = 0x17

INFO:root:Line 12 stripped = CMD10 = TX_GATE | TX_PULSE | GRAD_PULSE
INFO:root:Hex cmd1 = 0x0

INFO:root:Hex cmd2 = 0x15

INFO:root:Line 13 stripped = NOP
INFO:root:Hex cmd1 = 0x0

INFO:root:Hex cmd2 = 0x0

INFO:root:Line 14 stripped = NOP
INFO:root:Hex cmd1 = 0x0

INFO:root:Hex cmd2 = 0x0

INFO:root:Line 15 stripped = NOP
INFO:root:Hex cmd1 = 0x0

INFO:root:Hex cmd2 = 0x0

INFO:root:Line 16 stripped = NOP
INFO:root:Hex cmd1 = 0x0

INFO:root:Hex cmd2 = 0x0

INFO:root:Line 17 stripped = LD64 2 LOOP_CTR
INFO:root:Hex cmd1 = 0x10000002

INFO:root:Hex cmd2 = 0x1

INFO:root:Line 18 stripped = LD64 3 CMD3
INFO:root:Hex cmd1 = 0x10000003

INFO:root:Hex cmd2 = 0x4

INFO:root:Line 19 stripped = LD64 4 CMD4
INFO:root:Hex cmd1 = 0x10000004

INFO:root:Hex cmd2 = 0x5

INFO:root:Line 20 stripped = LD64 5 CMD5
INFO:root:Hex cmd1 = 0x10000005

INFO:root:Hex cmd2 = 0x6

INFO:root:Line 21 stripped = LD64 6 CMD6
INFO:root:Hex cmd1 = 0x10000006

INFO:root:Hex cmd2 = 0x7

INFO:root:Line 22 stripped = LD64 7 CMD7
INFO:root:Hex cmd1 = 0x10000007

INFO:root:Hex cmd2 = 0x8

INFO:root:Line 23 stripped = LD64 8 CMD8
INFO:root:Hex cmd1 = 0x10000008

INFO:root:Hex cmd2 = 0x9

INFO:root:Line 24 stripped = LD64 9 CMD9
INFO:root:Hex cmd1 = 0x10000009

INFO:root:Hex cmd2 = 0xa

INFO:root:Line 25 stripped = LD64 10 CMD10
INFO:root:Hex cmd1 = 0x1000000a

INFO:root:Hex cmd2 = 0xb

INFO:root:Line 26 stripped = NOP
INFO:root:Hex cmd1 = 0x0

INFO:root:Hex cmd2 = 0x0

INFO:root:Line 27 stripped = NOP
INFO:root:Hex cmd1 = 0x0

INFO:root:Hex cmd2 = 0x0

INFO:root:Line 28 stripped = NOP
INFO:root:Hex cmd1 = 0x0

INFO:root:Hex cmd2 = 0x0

INFO:root:Line 29 stripped = NOP
INFO:root:Hex cmd1 = 0x0

INFO:root:Hex cmd2 = 0x0

INFO:root:Line 30 stripped = TXOFFSET 1000
INFO:root:Hex cmd1 = 0x20000000

INFO:root:Hex cmd2 = 0x3e8

INFO:root:Line 31 stripped = PR 3 200
INFO:root:Hex cmd1 = 0x74000300

INFO:root:Hex cmd2 = 0x6f9b

INFO:root:Line 32 stripped = PR 5 180
INFO:root:Hex cmd1 = 0x74000500

INFO:root:Hex cmd2 = 0x6472

INFO:root:Line 33 stripped = PR 3 50802
INFO:root:Hex cmd1 = 0x74000300

INFO:root:Hex cmd2 = 0x6ebd54

INFO:root:Line 34 stripped = TXOFFSET 0
INFO:root:Hex cmd1 = 0x20000000

INFO:root:Hex cmd2 = 0x0

INFO:root:Line 35 stripped = PR 3 200
INFO:root:Hex cmd1 = 0x74000300

INFO:root:Hex cmd2 = 0x6f9b

INFO:root:Line 36 stripped = PR 5 120
INFO:root:Hex cmd1 = 0x74000500

INFO:root:Hex cmd2 = 0x42f6

INFO:root:Line 37 stripped = PR 3 2888
INFO:root:Hex cmd1 = 0x74000300

INFO:root:Hex cmd2 = 0x64b9b

INFO:root:Line 38 stripped = TXOFFSET 2000
INFO:root:Hex cmd1 = 0x20000000

INFO:root:Hex cmd2 = 0x7d0

INFO:root:Line 39 stripped = PR 3 200
INFO:root:Hex cmd1 = 0x74000300

INFO:root:Hex cmd2 = 0x6f9b

INFO:root:Line 40 stripped = PR 5 180
INFO:root:Hex cmd1 = 0x74000500

INFO:root:Hex cmd2 = 0x6472

INFO:root:Line 41 stripped = PR 3 2888
INFO:root:Hex cmd1 = 0x74000300

INFO:root:Hex cmd2 = 0x64b9b

INFO:root:Line 42 stripped = PR 3 400
INFO:root:Hex cmd1 = 0x74000300

INFO:root:Hex cmd2 = 0xdf36

INFO:root:Line 43 stripped = PR 4 200000
INFO:root:Hex cmd1 = 0x74000400

INFO:root:Hex cmd2 = 0x1b3f724

INFO:root:Line 44 stripped = DEC 2
INFO:root:Hex cmd1 = 0x4000002

INFO:root:Hex cmd2 = 0x0

INFO:root:Line 45 stripped = JNZ 2 0x1D
INFO:root:Hex cmd1 = 0x40000002

INFO:root:Hex cmd2 = 0x1d

INFO:root:Line 46 stripped = HALT
INFO:root:Hex cmd1 = 0x64000000

INFO:root:Hex cmd2 = 0x0

INFO:root:Hex ints = [16, 1543503872, 1, 0, 0, 0, 0, 0, 2, 0, 0, 0, 19, 0, 17, 0, 6, 0, 4, 0, 23, 0, 21, 0, 0, 0, 0, 0, 0, 0, 0, 0, 1, 268435458, 4, 268435459, 5, 268435460, 6, 268435461, 7, 268435462, 8, 268435463, 9, 268435464, 10, 268435465, 11, 268435466, 0, 0, 0, 0, 0, 0, 0, 0, 1000, 536870912, 28571, 1946157824, 25714, 1946158336, 7257428, 1946157824, 0, 536870912, 28571, 1946157824, 17142, 1946158336, 412571, 1946157824, 2000, 536870912, 28571, 1946157824, 25714, 1946158336, 412571, 1946157824, 57142, 1946157824, 28571428, 1946158080, 0, 67108866, 29, 1073741826, 0, 1677721600]

INFO:root:Hex bytes = [b'\x10\x00\x00\x00', b'\x00\x00\x00\\', b'\x01\x00\x00\x00', b'\x00\x00\x00\x00', b'\x00\x00\x00\x00', b'\x00\x00\x00\x00', b'\x00\x00\x00\x00', b'\x00\x00\x00\x00', b'\x02\x00\x00\x00', b'\x00\x00\x00\x00', b'\x00\x00\x00\x00', b'\x00\x00\x00\x00', b'\x13\x00\x00\x00', b'\x00\x00\x00\x00', b'\x11\x00\x00\x00', b'\x00\x00\x00\x00', b'\x06\x00\x00\x00', b'\x00\x00\x00\x00', b'\x04\x00\x00\x00', b'\x00\x00\x00\x00', b'\x17\x00\x00\x00', b'\x00\x00\x00\x00', b'\x15\x00\x00\x00', b'\x00\x00\x00\x00', b'\x00\x00\x00\x00', b'\x00\x00\x00\x00', b'\x00\x00\x00\x00', b'\x00\x00\x00\x00', b'\x00\x00\x00\x00', b'\x00\x00\x00\x00', b'\x00\x00\x00\x00', b'\x00\x00\x00\x00', b'\x01\x00\x00\x00', b'\x02\x00\x00\x10', b'\x04\x00\x00\x00', b'\x03\x00\x00\x10', b'\x05\x00\x00\x00', b'\x04\x00\x00\x10', b'\x06\x00\x00\x00', b'\x05\x00\x00\x10', b'\x07\x00\x00\x00', b'\x06\x00\x00\x10', b'\x08\x00\x00\x00', b'\x07\x00\x00\x10', b'\t\x00\x00\x00', b'\x08\x00\x00\x10', b'\n\x00\x00\x00', b'\t\x00\x00\x10', b'\x0b\x00\x00\x00', b'\n\x00\x00\x10', b'\x00\x00\x00\x00', b'\x00\x00\x00\x00', b'\x00\x00\x00\x00', b'\x00\x00\x00\x00', b'\x00\x00\x00\x00', b'\x00\x00\x00\x00', b'\x00\x00\x00\x00', b'\x00\x00\x00\x00', b'\xe8\x03\x00\x00', b'\x00\x00\x00 ', b'\x9bo\x00\x00', b'\x00\x03\x00t', b'rd\x00\x00', b'\x00\x05\x00t', b'T\xbdn\x00', b'\x00\x03\x00t', b'\x00\x00\x00\x00', b'\x00\x00\x00 ', b'\x9bo\x00\x00', b'\x00\x03\x00t', b'\xf6B\x00\x00', b'\x00\x05\x00t', b'\x9bK\x06\x00', b'\x00\x03\x00t', b'\xd0\x07\x00\x00', b'\x00\x00\x00 ', b'\x9bo\x00\x00', b'\x00\x03\x00t', b'rd\x00\x00', b'\x00\x05\x00t', b'\x9bK\x06\x00', b'\x00\x03\x00t', b'6\xdf\x00\x00', b'\x00\x03\x00t', b'$\xf7\xb3\x01', b'\x00\x04\x00t', b'\x00\x00\x00\x00', b'\x02\x00\x00\x04', b'\x1d\x00\x00\x00', b'\x02\x00\x00@', b'\x00\x00\x00\x00', b'\x00\x00\x00d']

INFO:root:Length of hex bytes = 92

INFO:root:b = b'\x10\x00\x00\x00\x00\x00\x00\\\x01\x00\x00\x00\x00\x00\x00\x00\x00\x00\x00\x00\x00\x00\x00\x00\x00\x00\x00\x00\x00\x00\x00\x00\x02\x00\x00\x00\x00\x00\x00\x00\x00\x00\x00\x00\x00\x00\x00\x00\x13\x00\x00\x00\x00\x00\x00\x00\x11\x00\x00\x00\x00\x00\x00\x00\x06\x00\x00\x00\x00\x00\x00\x00\x04\x00\x00\x00\x00\x00\x00\x00\x17\x00\x00\x00\x00\x00\x00\x00\x15\x00\x00\x00\x00\x00\x00\x00\x00\x00\x00\x00\x00\x00\x00\x00\x00\x00\x00\x00\x00\x00\x00\x00\x00\x00\x00\x00\x00\x00\x00\x00\x00\x00\x00\x00\x00\x00\x00\x00\x01\x00\x00\x00\x02\x00\x00\x10\x04\x00\x00\x00\x03\x00\x00\x10\x05\x00\x00\x00\x04\x00\x00\x10\x06\x00\x00\x00\x05\x00\x00\x10\x07\x00\x00\x00\x06\x00\x00\x10\x08\x00\x00\x00\x07\x00\x00\x10\t\x00\x00\x00\x08\x00\x00\x10\n\x00\x00\x00\t\x00\x00\x10\x0b\x00\x00\x00\n\x00\x00\x10\x00\x00\x00\x00\x00\x00\x00\x00\x00\x00\x00\x00\x00\x00\x00\x00\x00\x00\x00\x00\x00\x00\x00\x00\x00\x00\x00\x00\x00\x00\x00\x00\xe8\x03\x00\x00\x00\x00\x00 \x9bo\x00\x00\x00\x03\x00trd\x00\x00\x00\x05\x00tT\xbdn\x00\x00\x03\x00t\x00\x00\x00\x00\x00\x00\x00 \x9bo\x00\x00\x00\x03\x00t\xf6B\x00\x00\x00\x05\x00t\x9bK\x06\x00\x00\x03\x00t\xd0\x07\x00\x00\x00\x00\x00 \x9bo\x00\x00\x00\x03\x00trd\x00\x00\x00\x05\x00t\x9bK\x06\x00\x00\x03\x00t6\xdf\x00\x00\x00\x03\x00t$\xf7\xb3\x01\x00\x04\x00t\x00\x00\x00\x00\x02\x00\x00\x04\x1d\x00\x00\x00\x02\x00\x00@\x00\x00\x00\x00\x00\x00\x00d'
INFO:root:Length of byte array = 368
INFO:root:Opening file
INFO:root:Line 1 stripped = J 10
INFO:root:Hex cmd1 = 0x5c000000

INFO:root:Hex cmd2 = 0x10

INFO:root:Line 2 stripped = LOOP_CTR = 0x1
INFO:root:Hex cmd1 = 0x0

INFO:root:Hex cmd2 = 0x1

INFO:root:Line 3 stripped = CMD1 = 0x0
INFO:root:Hex cmd1 = 0x0

INFO:root:Hex cmd2 = 0x0

INFO:root:Line 4 stripped = CMD2 = 0x0
INFO:root:Hex cmd1 = 0x0

INFO:root:Hex cmd2 = 0x0

INFO:root:Line 5 stripped = CMD3 = 0x2
INFO:root:Hex cmd1 = 0x0

INFO:root:Hex cmd2 = 0x2

INFO:root:Line 6 stripped = CMD4 = 0X0
INFO:root:Hex cmd1 = 0x0

INFO:root:Hex cmd2 = 0x0

INFO:root:Line 7 stripped = CMD5 = TX_GATE | TX_PULSE | RX_PULSE
INFO:root:Hex cmd1 = 0x0

INFO:root:Hex cmd2 = 0x13

INFO:root:Line 8 stripped = CMD6 = TX_GATE | TX_PULSE
INFO:root:Hex cmd1 = 0x0

INFO:root:Hex cmd2 = 0x11

INFO:root:Line 9 stripped = CMD7 = GRAD_PULSE | RX_PULSE
INFO:root:Hex cmd1 = 0x0

INFO:root:Hex cmd2 = 0x6

INFO:root:Line 10 stripped = CMD8 = GRAD_PULSE
INFO:root:Hex cmd1 = 0x0

INFO:root:Hex cmd2 = 0x4

INFO:root:Line 11 stripped = CMD9 = TX_GATE | TX_PULSE | RX_PULSE | GRAD_PULSE
INFO:root:Hex cmd1 = 0x0

INFO:root:Hex cmd2 = 0x17

INFO:root:Line 12 stripped = CMD10 = TX_GATE | TX_PULSE | GRAD_PULSE
INFO:root:Hex cmd1 = 0x0

INFO:root:Hex cmd2 = 0x15

INFO:root:Line 13 stripped = NOP
INFO:root:Hex cmd1 = 0x0

INFO:root:Hex cmd2 = 0x0

INFO:root:Line 14 stripped = NOP
INFO:root:Hex cmd1 = 0x0

INFO:root:Hex cmd2 = 0x0

INFO:root:Line 15 stripped = NOP
INFO:root:Hex cmd1 = 0x0

INFO:root:Hex cmd2 = 0x0

INFO:root:Line 16 stripped = NOP
INFO:root:Hex cmd1 = 0x0

INFO:root:Hex cmd2 = 0x0

INFO:root:Line 17 stripped = LD64 2 LOOP_CTR
INFO:root:Hex cmd1 = 0x10000002

INFO:root:Hex cmd2 = 0x1

INFO:root:Line 18 stripped = LD64 3 CMD3
INFO:root:Hex cmd1 = 0x10000003

INFO:root:Hex cmd2 = 0x4

INFO:root:Line 19 stripped = LD64 4 CMD4
INFO:root:Hex cmd1 = 0x10000004

INFO:root:Hex cmd2 = 0x5

INFO:root:Line 20 stripped = LD64 5 CMD5
INFO:root:Hex cmd1 = 0x10000005

INFO:root:Hex cmd2 = 0x6

INFO:root:Line 21 stripped = LD64 6 CMD6
INFO:root:Hex cmd1 = 0x10000006

INFO:root:Hex cmd2 = 0x7

INFO:root:Line 22 stripped = LD64 7 CMD7
INFO:root:Hex cmd1 = 0x10000007

INFO:root:Hex cmd2 = 0x8

INFO:root:Line 23 stripped = LD64 8 CMD8
INFO:root:Hex cmd1 = 0x10000008

INFO:root:Hex cmd2 = 0x9

INFO:root:Line 24 stripped = LD64 9 CMD9
INFO:root:Hex cmd1 = 0x10000009

INFO:root:Hex cmd2 = 0xa

INFO:root:Line 25 stripped = LD64 10 CMD10
INFO:root:Hex cmd1 = 0x1000000a

INFO:root:Hex cmd2 = 0xb

INFO:root:Line 26 stripped = NOP
INFO:root:Hex cmd1 = 0x0

INFO:root:Hex cmd2 = 0x0

INFO:root:Line 27 stripped = NOP
INFO:root:Hex cmd1 = 0x0

INFO:root:Hex cmd2 = 0x0

INFO:root:Line 28 stripped = NOP
INFO:root:Hex cmd1 = 0x0

INFO:root:Hex cmd2 = 0x0

INFO:root:Line 29 stripped = NOP
INFO:root:Hex cmd1 = 0x0

INFO:root:Hex cmd2 = 0x0

INFO:root:Line 30 stripped = TXOFFSET 1000
INFO:root:Hex cmd1 = 0x20000000

INFO:root:Hex cmd2 = 0x3e8

INFO:root:Line 31 stripped = PR 3 200
INFO:root:Hex cmd1 = 0x74000300

INFO:root:Hex cmd2 = 0x6f9b

INFO:root:Line 32 stripped = PR 5 180
INFO:root:Hex cmd1 = 0x74000500

INFO:root:Hex cmd2 = 0x6472

INFO:root:Line 33 stripped = PR 3 116802
INFO:root:Hex cmd1 = 0x74000300

INFO:root:Hex cmd2 = 0xfe9bb0

INFO:root:Line 34 stripped = TXOFFSET 0
INFO:root:Hex cmd1 = 0x20000000

INFO:root:Hex cmd2 = 0x0

INFO:root:Line 35 stripped = PR 3 200
INFO:root:Hex cmd1 = 0x74000300

INFO:root:Hex cmd2 = 0x6f9b

INFO:root:Line 36 stripped = PR 5 120
INFO:root:Hex cmd1 = 0x74000500

INFO:root:Hex cmd2 = 0x42f6

INFO:root:Line 37 stripped = PR 3 2888
INFO:root:Hex cmd1 = 0x74000300

INFO:root:Hex cmd2 = 0x64b9b

INFO:root:Line 38 stripped = TXOFFSET 2000
INFO:root:Hex cmd1 = 0x20000000

INFO:root:Hex cmd2 = 0x7d0

INFO:root:Line 39 stripped = PR 3 200
INFO:root:Hex cmd1 = 0x74000300

INFO:root:Hex cmd2 = 0x6f9b

INFO:root:Line 40 stripped = PR 5 180
INFO:root:Hex cmd1 = 0x74000500

INFO:root:Hex cmd2 = 0x6472

INFO:root:Line 41 stripped = PR 3 2888
INFO:root:Hex cmd1 = 0x74000300

INFO:root:Hex cmd2 = 0x64b9b

INFO:root:Line 42 stripped = PR 3 400
INFO:root:Hex cmd1 = 0x74000300

INFO:root:Hex cmd2 = 0xdf36

INFO:root:Line 43 stripped = PR 4 200000
INFO:root:Hex cmd1 = 0x74000400

INFO:root:Hex cmd2 = 0x1b3f724

INFO:root:Line 44 stripped = DEC 2
INFO:root:Hex cmd1 = 0x4000002

INFO:root:Hex cmd2 = 0x0

INFO:root:Line 45 stripped = JNZ 2 0x1D
INFO:root:Hex cmd1 = 0x40000002

INFO:root:Hex cmd2 = 0x1d

INFO:root:Line 46 stripped = HALT
INFO:root:Hex cmd1 = 0x64000000

INFO:root:Hex cmd2 = 0x0

INFO:root:Hex ints = [16, 1543503872, 1, 0, 0, 0, 0, 0, 2, 0, 0, 0, 19, 0, 17, 0, 6, 0, 4, 0, 23, 0, 21, 0, 0, 0, 0, 0, 0, 0, 0, 0, 1, 268435458, 4, 268435459, 5, 268435460, 6, 268435461, 7, 268435462, 8, 268435463, 9, 268435464, 10, 268435465, 11, 268435466, 0, 0, 0, 0, 0, 0, 0, 0, 1000, 536870912, 28571, 1946157824, 25714, 1946158336, 16686000, 1946157824, 0, 536870912, 28571, 1946157824, 17142, 1946158336, 412571, 1946157824, 2000, 536870912, 28571, 1946157824, 25714, 1946158336, 412571, 1946157824, 57142, 1946157824, 28571428, 1946158080, 0, 67108866, 29, 1073741826, 0, 1677721600]

INFO:root:Hex bytes = [b'\x10\x00\x00\x00', b'\x00\x00\x00\\', b'\x01\x00\x00\x00', b'\x00\x00\x00\x00', b'\x00\x00\x00\x00', b'\x00\x00\x00\x00', b'\x00\x00\x00\x00', b'\x00\x00\x00\x00', b'\x02\x00\x00\x00', b'\x00\x00\x00\x00', b'\x00\x00\x00\x00', b'\x00\x00\x00\x00', b'\x13\x00\x00\x00', b'\x00\x00\x00\x00', b'\x11\x00\x00\x00', b'\x00\x00\x00\x00', b'\x06\x00\x00\x00', b'\x00\x00\x00\x00', b'\x04\x00\x00\x00', b'\x00\x00\x00\x00', b'\x17\x00\x00\x00', b'\x00\x00\x00\x00', b'\x15\x00\x00\x00', b'\x00\x00\x00\x00', b'\x00\x00\x00\x00', b'\x00\x00\x00\x00', b'\x00\x00\x00\x00', b'\x00\x00\x00\x00', b'\x00\x00\x00\x00', b'\x00\x00\x00\x00', b'\x00\x00\x00\x00', b'\x00\x00\x00\x00', b'\x01\x00\x00\x00', b'\x02\x00\x00\x10', b'\x04\x00\x00\x00', b'\x03\x00\x00\x10', b'\x05\x00\x00\x00', b'\x04\x00\x00\x10', b'\x06\x00\x00\x00', b'\x05\x00\x00\x10', b'\x07\x00\x00\x00', b'\x06\x00\x00\x10', b'\x08\x00\x00\x00', b'\x07\x00\x00\x10', b'\t\x00\x00\x00', b'\x08\x00\x00\x10', b'\n\x00\x00\x00', b'\t\x00\x00\x10', b'\x0b\x00\x00\x00', b'\n\x00\x00\x10', b'\x00\x00\x00\x00', b'\x00\x00\x00\x00', b'\x00\x00\x00\x00', b'\x00\x00\x00\x00', b'\x00\x00\x00\x00', b'\x00\x00\x00\x00', b'\x00\x00\x00\x00', b'\x00\x00\x00\x00', b'\xe8\x03\x00\x00', b'\x00\x00\x00 ', b'\x9bo\x00\x00', b'\x00\x03\x00t', b'rd\x00\x00', b'\x00\x05\x00t', b'\xb0\x9b\xfe\x00', b'\x00\x03\x00t', b'\x00\x00\x00\x00', b'\x00\x00\x00 ', b'\x9bo\x00\x00', b'\x00\x03\x00t', b'\xf6B\x00\x00', b'\x00\x05\x00t', b'\x9bK\x06\x00', b'\x00\x03\x00t', b'\xd0\x07\x00\x00', b'\x00\x00\x00 ', b'\x9bo\x00\x00', b'\x00\x03\x00t', b'rd\x00\x00', b'\x00\x05\x00t', b'\x9bK\x06\x00', b'\x00\x03\x00t', b'6\xdf\x00\x00', b'\x00\x03\x00t', b'$\xf7\xb3\x01', b'\x00\x04\x00t', b'\x00\x00\x00\x00', b'\x02\x00\x00\x04', b'\x1d\x00\x00\x00', b'\x02\x00\x00@', b'\x00\x00\x00\x00', b'\x00\x00\x00d']

INFO:root:Length of hex bytes = 92

INFO:root:b = b'\x10\x00\x00\x00\x00\x00\x00\\\x01\x00\x00\x00\x00\x00\x00\x00\x00\x00\x00\x00\x00\x00\x00\x00\x00\x00\x00\x00\x00\x00\x00\x00\x02\x00\x00\x00\x00\x00\x00\x00\x00\x00\x00\x00\x00\x00\x00\x00\x13\x00\x00\x00\x00\x00\x00\x00\x11\x00\x00\x00\x00\x00\x00\x00\x06\x00\x00\x00\x00\x00\x00\x00\x04\x00\x00\x00\x00\x00\x00\x00\x17\x00\x00\x00\x00\x00\x00\x00\x15\x00\x00\x00\x00\x00\x00\x00\x00\x00\x00\x00\x00\x00\x00\x00\x00\x00\x00\x00\x00\x00\x00\x00\x00\x00\x00\x00\x00\x00\x00\x00\x00\x00\x00\x00\x00\x00\x00\x00\x01\x00\x00\x00\x02\x00\x00\x10\x04\x00\x00\x00\x03\x00\x00\x10\x05\x00\x00\x00\x04\x00\x00\x10\x06\x00\x00\x00\x05\x00\x00\x10\x07\x00\x00\x00\x06\x00\x00\x10\x08\x00\x00\x00\x07\x00\x00\x10\t\x00\x00\x00\x08\x00\x00\x10\n\x00\x00\x00\t\x00\x00\x10\x0b\x00\x00\x00\n\x00\x00\x10\x00\x00\x00\x00\x00\x00\x00\x00\x00\x00\x00\x00\x00\x00\x00\x00\x00\x00\x00\x00\x00\x00\x00\x00\x00\x00\x00\x00\x00\x00\x00\x00\xe8\x03\x00\x00\x00\x00\x00 \x9bo\x00\x00\x00\x03\x00trd\x00\x00\x00\x05\x00t\xb0\x9b\xfe\x00\x00\x03\x00t\x00\x00\x00\x00\x00\x00\x00 \x9bo\x00\x00\x00\x03\x00t\xf6B\x00\x00\x00\x05\x00t\x9bK\x06\x00\x00\x03\x00t\xd0\x07\x00\x00\x00\x00\x00 \x9bo\x00\x00\x00\x03\x00trd\x00\x00\x00\x05\x00t\x9bK\x06\x00\x00\x03\x00t6\xdf\x00\x00\x00\x03\x00t$\xf7\xb3\x01\x00\x04\x00t\x00\x00\x00\x00\x02\x00\x00\x04\x1d\x00\x00\x00\x02\x00\x00@\x00\x00\x00\x00\x00\x00\x00d'
INFO:root:Length of byte array = 368
INFO:root:Opening file
INFO:root:Line 1 stripped = J 10
INFO:root:Hex cmd1 = 0x5c000000

INFO:root:Hex cmd2 = 0x10

INFO:root:Line 2 stripped = LOOP_CTR = 0x1
INFO:root:Hex cmd1 = 0x0

INFO:root:Hex cmd2 = 0x1

INFO:root:Line 3 stripped = CMD1 = 0x0
INFO:root:Hex cmd1 = 0x0

INFO:root:Hex cmd2 = 0x0

INFO:root:Line 4 stripped = CMD2 = 0x0
INFO:root:Hex cmd1 = 0x0

INFO:root:Hex cmd2 = 0x0

INFO:root:Line 5 stripped = CMD3 = 0x2
INFO:root:Hex cmd1 = 0x0

INFO:root:Hex cmd2 = 0x2

INFO:root:Line 6 stripped = CMD4 = 0X0
INFO:root:Hex cmd1 = 0x0

INFO:root:Hex cmd2 = 0x0

INFO:root:Line 7 stripped = CMD5 = TX_GATE | TX_PULSE | RX_PULSE
INFO:root:Hex cmd1 = 0x0

INFO:root:Hex cmd2 = 0x13

INFO:root:Line 8 stripped = CMD6 = TX_GATE | TX_PULSE
INFO:root:Hex cmd1 = 0x0

INFO:root:Hex cmd2 = 0x11

INFO:root:Line 9 stripped = CMD7 = GRAD_PULSE | RX_PULSE
INFO:root:Hex cmd1 = 0x0

INFO:root:Hex cmd2 = 0x6

INFO:root:Line 10 stripped = CMD8 = GRAD_PULSE
INFO:root:Hex cmd1 = 0x0

INFO:root:Hex cmd2 = 0x4

INFO:root:Line 11 stripped = CMD9 = TX_GATE | TX_PULSE | RX_PULSE | GRAD_PULSE
INFO:root:Hex cmd1 = 0x0

INFO:root:Hex cmd2 = 0x17

INFO:root:Line 12 stripped = CMD10 = TX_GATE | TX_PULSE | GRAD_PULSE
INFO:root:Hex cmd1 = 0x0

INFO:root:Hex cmd2 = 0x15

INFO:root:Line 13 stripped = NOP
INFO:root:Hex cmd1 = 0x0

INFO:root:Hex cmd2 = 0x0

INFO:root:Line 14 stripped = NOP
INFO:root:Hex cmd1 = 0x0

INFO:root:Hex cmd2 = 0x0

INFO:root:Line 15 stripped = NOP
INFO:root:Hex cmd1 = 0x0

INFO:root:Hex cmd2 = 0x0

INFO:root:Line 16 stripped = NOP
INFO:root:Hex cmd1 = 0x0

INFO:root:Hex cmd2 = 0x0

INFO:root:Line 17 stripped = LD64 2 LOOP_CTR
INFO:root:Hex cmd1 = 0x10000002

INFO:root:Hex cmd2 = 0x1

INFO:root:Line 18 stripped = LD64 3 CMD3
INFO:root:Hex cmd1 = 0x10000003

INFO:root:Hex cmd2 = 0x4

INFO:root:Line 19 stripped = LD64 4 CMD4
INFO:root:Hex cmd1 = 0x10000004

INFO:root:Hex cmd2 = 0x5

INFO:root:Line 20 stripped = LD64 5 CMD5
INFO:root:Hex cmd1 = 0x10000005

INFO:root:Hex cmd2 = 0x6

INFO:root:Line 21 stripped = LD64 6 CMD6
INFO:root:Hex cmd1 = 0x10000006

INFO:root:Hex cmd2 = 0x7

INFO:root:Line 22 stripped = LD64 7 CMD7
INFO:root:Hex cmd1 = 0x10000007

INFO:root:Hex cmd2 = 0x8

INFO:root:Line 23 stripped = LD64 8 CMD8
INFO:root:Hex cmd1 = 0x10000008

INFO:root:Hex cmd2 = 0x9

INFO:root:Line 24 stripped = LD64 9 CMD9
INFO:root:Hex cmd1 = 0x10000009

INFO:root:Hex cmd2 = 0xa

INFO:root:Line 25 stripped = LD64 10 CMD10
INFO:root:Hex cmd1 = 0x1000000a

INFO:root:Hex cmd2 = 0xb

INFO:root:Line 26 stripped = NOP
INFO:root:Hex cmd1 = 0x0

INFO:root:Hex cmd2 = 0x0

INFO:root:Line 27 stripped = NOP
INFO:root:Hex cmd1 = 0x0

INFO:root:Hex cmd2 = 0x0

INFO:root:Line 28 stripped = NOP
INFO:root:Hex cmd1 = 0x0

INFO:root:Hex cmd2 = 0x0

INFO:root:Line 29 stripped = NOP
INFO:root:Hex cmd1 = 0x0

INFO:root:Hex cmd2 = 0x0

INFO:root:Line 30 stripped = TXOFFSET 1000
INFO:root:Hex cmd1 = 0x20000000

INFO:root:Hex cmd2 = 0x3e8

INFO:root:Line 31 stripped = PR 3 200
INFO:root:Hex cmd1 = 0x74000300

INFO:root:Hex cmd2 = 0x6f9b

INFO:root:Line 32 stripped = PR 5 180
INFO:root:Hex cmd1 = 0x74000500

INFO:root:Hex cmd2 = 0x6472

INFO:root:Line 33 stripped = PR 3 264802
INFO:root:Hex cmd1 = 0x74000300

INFO:root:Hex cmd2 = 0x24138f9

INFO:root:Line 34 stripped = TXOFFSET 0
INFO:root:Hex cmd1 = 0x20000000

INFO:root:Hex cmd2 = 0x0

INFO:root:Line 35 stripped = PR 3 200
INFO:root:Hex cmd1 = 0x74000300

INFO:root:Hex cmd2 = 0x6f9b

INFO:root:Line 36 stripped = PR 5 120
INFO:root:Hex cmd1 = 0x74000500

INFO:root:Hex cmd2 = 0x42f6

INFO:root:Line 37 stripped = PR 3 2888
INFO:root:Hex cmd1 = 0x74000300

INFO:root:Hex cmd2 = 0x64b9b

INFO:root:Line 38 stripped = TXOFFSET 2000
INFO:root:Hex cmd1 = 0x20000000

INFO:root:Hex cmd2 = 0x7d0

INFO:root:Line 39 stripped = PR 3 200
INFO:root:Hex cmd1 = 0x74000300

INFO:root:Hex cmd2 = 0x6f9b

INFO:root:Line 40 stripped = PR 5 180
INFO:root:Hex cmd1 = 0x74000500

INFO:root:Hex cmd2 = 0x6472

INFO:root:Line 41 stripped = PR 3 2888
INFO:root:Hex cmd1 = 0x74000300

INFO:root:Hex cmd2 = 0x64b9b

INFO:root:Line 42 stripped = PR 3 400
INFO:root:Hex cmd1 = 0x74000300

INFO:root:Hex cmd2 = 0xdf36

INFO:root:Line 43 stripped = PR 4 200000
INFO:root:Hex cmd1 = 0x74000400

INFO:root:Hex cmd2 = 0x1b3f724

INFO:root:Line 44 stripped = DEC 2
INFO:root:Hex cmd1 = 0x4000002

INFO:root:Hex cmd2 = 0x0

INFO:root:Line 45 stripped = JNZ 2 0x1D
INFO:root:Hex cmd1 = 0x40000002

INFO:root:Hex cmd2 = 0x1d

INFO:root:Line 46 stripped = HALT
INFO:root:Hex cmd1 = 0x64000000

INFO:root:Hex cmd2 = 0x0

INFO:root:Hex ints = [16, 1543503872, 1, 0, 0, 0, 0, 0, 2, 0, 0, 0, 19, 0, 17, 0, 6, 0, 4, 0, 23, 0, 21, 0, 0, 0, 0, 0, 0, 0, 0, 0, 1, 268435458, 4, 268435459, 5, 268435460, 6, 268435461, 7, 268435462, 8, 268435463, 9, 268435464, 10, 268435465, 11, 268435466, 0, 0, 0, 0, 0, 0, 0, 0, 1000, 536870912, 28571, 1946157824, 25714, 1946158336, 37828857, 1946157824, 0, 536870912, 28571, 1946157824, 17142, 1946158336, 412571, 1946157824, 2000, 536870912, 28571, 1946157824, 25714, 1946158336, 412571, 1946157824, 57142, 1946157824, 28571428, 1946158080, 0, 67108866, 29, 1073741826, 0, 1677721600]

INFO:root:Hex bytes = [b'\x10\x00\x00\x00', b'\x00\x00\x00\\', b'\x01\x00\x00\x00', b'\x00\x00\x00\x00', b'\x00\x00\x00\x00', b'\x00\x00\x00\x00', b'\x00\x00\x00\x00', b'\x00\x00\x00\x00', b'\x02\x00\x00\x00', b'\x00\x00\x00\x00', b'\x00\x00\x00\x00', b'\x00\x00\x00\x00', b'\x13\x00\x00\x00', b'\x00\x00\x00\x00', b'\x11\x00\x00\x00', b'\x00\x00\x00\x00', b'\x06\x00\x00\x00', b'\x00\x00\x00\x00', b'\x04\x00\x00\x00', b'\x00\x00\x00\x00', b'\x17\x00\x00\x00', b'\x00\x00\x00\x00', b'\x15\x00\x00\x00', b'\x00\x00\x00\x00', b'\x00\x00\x00\x00', b'\x00\x00\x00\x00', b'\x00\x00\x00\x00', b'\x00\x00\x00\x00', b'\x00\x00\x00\x00', b'\x00\x00\x00\x00', b'\x00\x00\x00\x00', b'\x00\x00\x00\x00', b'\x01\x00\x00\x00', b'\x02\x00\x00\x10', b'\x04\x00\x00\x00', b'\x03\x00\x00\x10', b'\x05\x00\x00\x00', b'\x04\x00\x00\x10', b'\x06\x00\x00\x00', b'\x05\x00\x00\x10', b'\x07\x00\x00\x00', b'\x06\x00\x00\x10', b'\x08\x00\x00\x00', b'\x07\x00\x00\x10', b'\t\x00\x00\x00', b'\x08\x00\x00\x10', b'\n\x00\x00\x00', b'\t\x00\x00\x10', b'\x0b\x00\x00\x00', b'\n\x00\x00\x10', b'\x00\x00\x00\x00', b'\x00\x00\x00\x00', b'\x00\x00\x00\x00', b'\x00\x00\x00\x00', b'\x00\x00\x00\x00', b'\x00\x00\x00\x00', b'\x00\x00\x00\x00', b'\x00\x00\x00\x00', b'\xe8\x03\x00\x00', b'\x00\x00\x00 ', b'\x9bo\x00\x00', b'\x00\x03\x00t', b'rd\x00\x00', b'\x00\x05\x00t', b'\xf98A\x02', b'\x00\x03\x00t', b'\x00\x00\x00\x00', b'\x00\x00\x00 ', b'\x9bo\x00\x00', b'\x00\x03\x00t', b'\xf6B\x00\x00', b'\x00\x05\x00t', b'\x9bK\x06\x00', b'\x00\x03\x00t', b'\xd0\x07\x00\x00', b'\x00\x00\x00 ', b'\x9bo\x00\x00', b'\x00\x03\x00t', b'rd\x00\x00', b'\x00\x05\x00t', b'\x9bK\x06\x00', b'\x00\x03\x00t', b'6\xdf\x00\x00', b'\x00\x03\x00t', b'$\xf7\xb3\x01', b'\x00\x04\x00t', b'\x00\x00\x00\x00', b'\x02\x00\x00\x04', b'\x1d\x00\x00\x00', b'\x02\x00\x00@', b'\x00\x00\x00\x00', b'\x00\x00\x00d']

INFO:root:Length of hex bytes = 92

INFO:root:b = b'\x10\x00\x00\x00\x00\x00\x00\\\x01\x00\x00\x00\x00\x00\x00\x00\x00\x00\x00\x00\x00\x00\x00\x00\x00\x00\x00\x00\x00\x00\x00\x00\x02\x00\x00\x00\x00\x00\x00\x00\x00\x00\x00\x00\x00\x00\x00\x00\x13\x00\x00\x00\x00\x00\x00\x00\x11\x00\x00\x00\x00\x00\x00\x00\x06\x00\x00\x00\x00\x00\x00\x00\x04\x00\x00\x00\x00\x00\x00\x00\x17\x00\x00\x00\x00\x00\x00\x00\x15\x00\x00\x00\x00\x00\x00\x00\x00\x00\x00\x00\x00\x00\x00\x00\x00\x00\x00\x00\x00\x00\x00\x00\x00\x00\x00\x00\x00\x00\x00\x00\x00\x00\x00\x00\x00\x00\x00\x00\x01\x00\x00\x00\x02\x00\x00\x10\x04\x00\x00\x00\x03\x00\x00\x10\x05\x00\x00\x00\x04\x00\x00\x10\x06\x00\x00\x00\x05\x00\x00\x10\x07\x00\x00\x00\x06\x00\x00\x10\x08\x00\x00\x00\x07\x00\x00\x10\t\x00\x00\x00\x08\x00\x00\x10\n\x00\x00\x00\t\x00\x00\x10\x0b\x00\x00\x00\n\x00\x00\x10\x00\x00\x00\x00\x00\x00\x00\x00\x00\x00\x00\x00\x00\x00\x00\x00\x00\x00\x00\x00\x00\x00\x00\x00\x00\x00\x00\x00\x00\x00\x00\x00\xe8\x03\x00\x00\x00\x00\x00 \x9bo\x00\x00\x00\x03\x00trd\x00\x00\x00\x05\x00t\xf98A\x02\x00\x03\x00t\x00\x00\x00\x00\x00\x00\x00 \x9bo\x00\x00\x00\x03\x00t\xf6B\x00\x00\x00\x05\x00t\x9bK\x06\x00\x00\x03\x00t\xd0\x07\x00\x00\x00\x00\x00 \x9bo\x00\x00\x00\x03\x00trd\x00\x00\x00\x05\x00t\x9bK\x06\x00\x00\x03\x00t6\xdf\x00\x00\x00\x03\x00t$\xf7\xb3\x01\x00\x04\x00t\x00\x00\x00\x00\x02\x00\x00\x04\x1d\x00\x00\x00\x02\x00\x00@\x00\x00\x00\x00\x00\x00\x00d'
INFO:root:Length of byte array = 368
INFO:root:Opening file
INFO:root:Line 1 stripped = J 10
INFO:root:Hex cmd1 = 0x5c000000

INFO:root:Hex cmd2 = 0x10

INFO:root:Line 2 stripped = LOOP_CTR = 0x1
INFO:root:Hex cmd1 = 0x0

INFO:root:Hex cmd2 = 0x1

INFO:root:Line 3 stripped = CMD1 = 0x0
INFO:root:Hex cmd1 = 0x0

INFO:root:Hex cmd2 = 0x0

INFO:root:Line 4 stripped = CMD2 = 0x0
INFO:root:Hex cmd1 = 0x0

INFO:root:Hex cmd2 = 0x0

INFO:root:Line 5 stripped = CMD3 = 0x2
INFO:root:Hex cmd1 = 0x0

INFO:root:Hex cmd2 = 0x2

INFO:root:Line 6 stripped = CMD4 = 0X0
INFO:root:Hex cmd1 = 0x0

INFO:root:Hex cmd2 = 0x0

INFO:root:Line 7 stripped = CMD5 = TX_GATE | TX_PULSE | RX_PULSE
INFO:root:Hex cmd1 = 0x0

INFO:root:Hex cmd2 = 0x13

INFO:root:Line 8 stripped = CMD6 = TX_GATE | TX_PULSE
INFO:root:Hex cmd1 = 0x0

INFO:root:Hex cmd2 = 0x11

INFO:root:Line 9 stripped = CMD7 = GRAD_PULSE | RX_PULSE
INFO:root:Hex cmd1 = 0x0

INFO:root:Hex cmd2 = 0x6

INFO:root:Line 10 stripped = CMD8 = GRAD_PULSE
INFO:root:Hex cmd1 = 0x0

INFO:root:Hex cmd2 = 0x4

INFO:root:Line 11 stripped = CMD9 = TX_GATE | TX_PULSE | RX_PULSE | GRAD_PULSE
INFO:root:Hex cmd1 = 0x0

INFO:root:Hex cmd2 = 0x17

INFO:root:Line 12 stripped = CMD10 = TX_GATE | TX_PULSE | GRAD_PULSE
INFO:root:Hex cmd1 = 0x0

INFO:root:Hex cmd2 = 0x15

INFO:root:Line 13 stripped = NOP
INFO:root:Hex cmd1 = 0x0

INFO:root:Hex cmd2 = 0x0

INFO:root:Line 14 stripped = NOP
INFO:root:Hex cmd1 = 0x0

INFO:root:Hex cmd2 = 0x0

INFO:root:Line 15 stripped = NOP
INFO:root:Hex cmd1 = 0x0

INFO:root:Hex cmd2 = 0x0

INFO:root:Line 16 stripped = NOP
INFO:root:Hex cmd1 = 0x0

INFO:root:Hex cmd2 = 0x0

INFO:root:Line 17 stripped = LD64 2 LOOP_CTR
INFO:root:Hex cmd1 = 0x10000002

INFO:root:Hex cmd2 = 0x1

INFO:root:Line 18 stripped = LD64 3 CMD3
INFO:root:Hex cmd1 = 0x10000003

INFO:root:Hex cmd2 = 0x4

INFO:root:Line 19 stripped = LD64 4 CMD4
INFO:root:Hex cmd1 = 0x10000004

INFO:root:Hex cmd2 = 0x5

INFO:root:Line 20 stripped = LD64 5 CMD5
INFO:root:Hex cmd1 = 0x10000005

INFO:root:Hex cmd2 = 0x6

INFO:root:Line 21 stripped = LD64 6 CMD6
INFO:root:Hex cmd1 = 0x10000006

INFO:root:Hex cmd2 = 0x7

INFO:root:Line 22 stripped = LD64 7 CMD7
INFO:root:Hex cmd1 = 0x10000007

INFO:root:Hex cmd2 = 0x8

INFO:root:Line 23 stripped = LD64 8 CMD8
INFO:root:Hex cmd1 = 0x10000008

INFO:root:Hex cmd2 = 0x9

INFO:root:Line 24 stripped = LD64 9 CMD9
INFO:root:Hex cmd1 = 0x10000009

INFO:root:Hex cmd2 = 0xa

INFO:root:Line 25 stripped = LD64 10 CMD10
INFO:root:Hex cmd1 = 0x1000000a

INFO:root:Hex cmd2 = 0xb

INFO:root:Line 26 stripped = NOP
INFO:root:Hex cmd1 = 0x0

INFO:root:Hex cmd2 = 0x0

INFO:root:Line 27 stripped = NOP
INFO:root:Hex cmd1 = 0x0

INFO:root:Hex cmd2 = 0x0

INFO:root:Line 28 stripped = NOP
INFO:root:Hex cmd1 = 0x0

INFO:root:Hex cmd2 = 0x0

INFO:root:Line 29 stripped = NOP
INFO:root:Hex cmd1 = 0x0

INFO:root:Hex cmd2 = 0x0

INFO:root:Line 30 stripped = TXOFFSET 1000
INFO:root:Hex cmd1 = 0x20000000

INFO:root:Hex cmd2 = 0x3e8

INFO:root:Line 31 stripped = PR 3 200
INFO:root:Hex cmd1 = 0x74000300

INFO:root:Hex cmd2 = 0x6f9b

INFO:root:Line 32 stripped = PR 5 180
INFO:root:Hex cmd1 = 0x74000500

INFO:root:Hex cmd2 = 0x6472

INFO:root:Line 33 stripped = PR 3 599802
INFO:root:Hex cmd1 = 0x74000300

INFO:root:Hex cmd2 = 0x51b76f0

INFO:root:Line 34 stripped = TXOFFSET 0
INFO:root:Hex cmd1 = 0x20000000

INFO:root:Hex cmd2 = 0x0

INFO:root:Line 35 stripped = PR 3 200
INFO:root:Hex cmd1 = 0x74000300

INFO:root:Hex cmd2 = 0x6f9b

INFO:root:Line 36 stripped = PR 5 120
INFO:root:Hex cmd1 = 0x74000500

INFO:root:Hex cmd2 = 0x42f6

INFO:root:Line 37 stripped = PR 3 2888
INFO:root:Hex cmd1 = 0x74000300

INFO:root:Hex cmd2 = 0x64b9b

INFO:root:Line 38 stripped = TXOFFSET 2000
INFO:root:Hex cmd1 = 0x20000000

INFO:root:Hex cmd2 = 0x7d0

INFO:root:Line 39 stripped = PR 3 200
INFO:root:Hex cmd1 = 0x74000300

INFO:root:Hex cmd2 = 0x6f9b

INFO:root:Line 40 stripped = PR 5 180
INFO:root:Hex cmd1 = 0x74000500

INFO:root:Hex cmd2 = 0x6472

INFO:root:Line 41 stripped = PR 3 2888
INFO:root:Hex cmd1 = 0x74000300

INFO:root:Hex cmd2 = 0x64b9b

INFO:root:Line 42 stripped = PR 3 400
INFO:root:Hex cmd1 = 0x74000300

INFO:root:Hex cmd2 = 0xdf36

INFO:root:Line 43 stripped = PR 4 200000
INFO:root:Hex cmd1 = 0x74000400

INFO:root:Hex cmd2 = 0x1b3f724

INFO:root:Line 44 stripped = DEC 2
INFO:root:Hex cmd1 = 0x4000002

INFO:root:Hex cmd2 = 0x0

INFO:root:Line 45 stripped = JNZ 2 0x1D
INFO:root:Hex cmd1 = 0x40000002

INFO:root:Hex cmd2 = 0x1d

INFO:root:Line 46 stripped = HALT
INFO:root:Hex cmd1 = 0x64000000

INFO:root:Hex cmd2 = 0x0

INFO:root:Hex ints = [16, 1543503872, 1, 0, 0, 0, 0, 0, 2, 0, 0, 0, 19, 0, 17, 0, 6, 0, 4, 0, 23, 0, 21, 0, 0, 0, 0, 0, 0, 0, 0, 0, 1, 268435458, 4, 268435459, 5, 268435460, 6, 268435461, 7, 268435462, 8, 268435463, 9, 268435464, 10, 268435465, 11, 268435466, 0, 0, 0, 0, 0, 0, 0, 0, 1000, 536870912, 28571, 1946157824, 25714, 1946158336, 85686000, 1946157824, 0, 536870912, 28571, 1946157824, 17142, 1946158336, 412571, 1946157824, 2000, 536870912, 28571, 1946157824, 25714, 1946158336, 412571, 1946157824, 57142, 1946157824, 28571428, 1946158080, 0, 67108866, 29, 1073741826, 0, 1677721600]

INFO:root:Hex bytes = [b'\x10\x00\x00\x00', b'\x00\x00\x00\\', b'\x01\x00\x00\x00', b'\x00\x00\x00\x00', b'\x00\x00\x00\x00', b'\x00\x00\x00\x00', b'\x00\x00\x00\x00', b'\x00\x00\x00\x00', b'\x02\x00\x00\x00', b'\x00\x00\x00\x00', b'\x00\x00\x00\x00', b'\x00\x00\x00\x00', b'\x13\x00\x00\x00', b'\x00\x00\x00\x00', b'\x11\x00\x00\x00', b'\x00\x00\x00\x00', b'\x06\x00\x00\x00', b'\x00\x00\x00\x00', b'\x04\x00\x00\x00', b'\x00\x00\x00\x00', b'\x17\x00\x00\x00', b'\x00\x00\x00\x00', b'\x15\x00\x00\x00', b'\x00\x00\x00\x00', b'\x00\x00\x00\x00', b'\x00\x00\x00\x00', b'\x00\x00\x00\x00', b'\x00\x00\x00\x00', b'\x00\x00\x00\x00', b'\x00\x00\x00\x00', b'\x00\x00\x00\x00', b'\x00\x00\x00\x00', b'\x01\x00\x00\x00', b'\x02\x00\x00\x10', b'\x04\x00\x00\x00', b'\x03\x00\x00\x10', b'\x05\x00\x00\x00', b'\x04\x00\x00\x10', b'\x06\x00\x00\x00', b'\x05\x00\x00\x10', b'\x07\x00\x00\x00', b'\x06\x00\x00\x10', b'\x08\x00\x00\x00', b'\x07\x00\x00\x10', b'\t\x00\x00\x00', b'\x08\x00\x00\x10', b'\n\x00\x00\x00', b'\t\x00\x00\x10', b'\x0b\x00\x00\x00', b'\n\x00\x00\x10', b'\x00\x00\x00\x00', b'\x00\x00\x00\x00', b'\x00\x00\x00\x00', b'\x00\x00\x00\x00', b'\x00\x00\x00\x00', b'\x00\x00\x00\x00', b'\x00\x00\x00\x00', b'\x00\x00\x00\x00', b'\xe8\x03\x00\x00', b'\x00\x00\x00 ', b'\x9bo\x00\x00', b'\x00\x03\x00t', b'rd\x00\x00', b'\x00\x05\x00t', b'\xf0v\x1b\x05', b'\x00\x03\x00t', b'\x00\x00\x00\x00', b'\x00\x00\x00 ', b'\x9bo\x00\x00', b'\x00\x03\x00t', b'\xf6B\x00\x00', b'\x00\x05\x00t', b'\x9bK\x06\x00', b'\x00\x03\x00t', b'\xd0\x07\x00\x00', b'\x00\x00\x00 ', b'\x9bo\x00\x00', b'\x00\x03\x00t', b'rd\x00\x00', b'\x00\x05\x00t', b'\x9bK\x06\x00', b'\x00\x03\x00t', b'6\xdf\x00\x00', b'\x00\x03\x00t', b'$\xf7\xb3\x01', b'\x00\x04\x00t', b'\x00\x00\x00\x00', b'\x02\x00\x00\x04', b'\x1d\x00\x00\x00', b'\x02\x00\x00@', b'\x00\x00\x00\x00', b'\x00\x00\x00d']

INFO:root:Length of hex bytes = 92

INFO:root:b = b'\x10\x00\x00\x00\x00\x00\x00\\\x01\x00\x00\x00\x00\x00\x00\x00\x00\x00\x00\x00\x00\x00\x00\x00\x00\x00\x00\x00\x00\x00\x00\x00\x02\x00\x00\x00\x00\x00\x00\x00\x00\x00\x00\x00\x00\x00\x00\x00\x13\x00\x00\x00\x00\x00\x00\x00\x11\x00\x00\x00\x00\x00\x00\x00\x06\x00\x00\x00\x00\x00\x00\x00\x04\x00\x00\x00\x00\x00\x00\x00\x17\x00\x00\x00\x00\x00\x00\x00\x15\x00\x00\x00\x00\x00\x00\x00\x00\x00\x00\x00\x00\x00\x00\x00\x00\x00\x00\x00\x00\x00\x00\x00\x00\x00\x00\x00\x00\x00\x00\x00\x00\x00\x00\x00\x00\x00\x00\x00\x01\x00\x00\x00\x02\x00\x00\x10\x04\x00\x00\x00\x03\x00\x00\x10\x05\x00\x00\x00\x04\x00\x00\x10\x06\x00\x00\x00\x05\x00\x00\x10\x07\x00\x00\x00\x06\x00\x00\x10\x08\x00\x00\x00\x07\x00\x00\x10\t\x00\x00\x00\x08\x00\x00\x10\n\x00\x00\x00\t\x00\x00\x10\x0b\x00\x00\x00\n\x00\x00\x10\x00\x00\x00\x00\x00\x00\x00\x00\x00\x00\x00\x00\x00\x00\x00\x00\x00\x00\x00\x00\x00\x00\x00\x00\x00\x00\x00\x00\x00\x00\x00\x00\xe8\x03\x00\x00\x00\x00\x00 \x9bo\x00\x00\x00\x03\x00trd\x00\x00\x00\x05\x00t\xf0v\x1b\x05\x00\x03\x00t\x00\x00\x00\x00\x00\x00\x00 \x9bo\x00\x00\x00\x03\x00t\xf6B\x00\x00\x00\x05\x00t\x9bK\x06\x00\x00\x03\x00t\xd0\x07\x00\x00\x00\x00\x00 \x9bo\x00\x00\x00\x03\x00trd\x00\x00\x00\x05\x00t\x9bK\x06\x00\x00\x03\x00t6\xdf\x00\x00\x00\x03\x00t$\xf7\xb3\x01\x00\x04\x00t\x00\x00\x00\x00\x02\x00\x00\x04\x1d\x00\x00\x00\x02\x00\x00@\x00\x00\x00\x00\x00\x00\x00d'
INFO:root:Length of byte array = 368
